Using pre-set license
Built from '2021.1/staging' branch; Version is '2021.1.13f1 (a03098edbbe0) revision 10498200'; Using compiler version '192528614'; Build Type 'Release'
OS: 'Windows 10 Home; OS build 19043.1706; Version 2009; 64bit' Language: 'fr' Physical Memory: 7542 MB
BatchMode: 1, IsHumanControllingUs: 0, StartBugReporterOnCrash: 0, Is64bit: 1, IsPro: 0

 COMMAND LINE ARGUMENTS:
C:\Program Files\Unity\Hub\Editor\2021.1.13f1\Editor\Unity.exe
-adb2
-batchMode
-noUpm
-name
AssetImportWorker0
-projectPath
C:/Users/Jesse Deschênes RES/Desktop/Tp03/DESCHENES_Jesse_Tp03
-logFile
Logs/AssetImportWorker0.log
-srvPort
50446
Successfully changed project path to: C:/Users/Jesse Deschênes RES/Desktop/Tp03/DESCHENES_Jesse_Tp03
C:/Users/Jesse Deschênes RES/Desktop/Tp03/DESCHENES_Jesse_Tp03
Using Asset Import Pipeline V2.
Refreshing native plugins compatible for Editor in 87.72 ms, found 3 plugins.
Preloading 0 native plugins for Editor in 0.00 ms.
Initialize engine version: 2021.1.13f1 (a03098edbbe0)
[Subsystems] Discovering subsystems at path C:/Program Files/Unity/Hub/Editor/2021.1.13f1/Editor/Data/Resources/UnitySubsystems
[Subsystems] Discovering subsystems at path C:/Users/Jesse Deschênes RES/Desktop/Tp03/DESCHENES_Jesse_Tp03/Assets
GfxDevice: creating device client; threaded=0; jobified=0
Direct3D:
    Version:  Direct3D 11.0 [level 11.1]
    Renderer: AMD Radeon(TM) Graphics (ID=0x1636)
    Vendor:   ATI
    VRAM:     3771 MB
    Driver:   27.20.11028.10001
Initialize mono
Mono path[0] = 'C:/Program Files/Unity/Hub/Editor/2021.1.13f1/Editor/Data/Managed'
Mono path[1] = 'C:/Program Files/Unity/Hub/Editor/2021.1.13f1/Editor/Data/MonoBleedingEdge/lib/mono/unityjit'
Mono config path = 'C:/Program Files/Unity/Hub/Editor/2021.1.13f1/Editor/Data/MonoBleedingEdge/etc'
Using monoOptions --debugger-agent=transport=dt_socket,embedding=1,server=y,suspend=n,address=127.0.0.1:56600
Begin MonoManager ReloadAssembly
Registering precompiled unity dll's ...
Register platform support module: C:/Program Files/Unity/Hub/Editor/2021.1.13f1/Editor/Data/PlaybackEngines/WebGLSupport/UnityEditor.WebGL.Extensions.dll
Register platform support module: C:/Program Files/Unity/Hub/Editor/2021.1.13f1/Editor/Data/PlaybackEngines/WindowsStandaloneSupport/UnityEditor.WindowsStandalone.Extensions.dll
Registered in 0.002064 seconds.
Native extension for WindowsStandalone target not found
Native extension for WebGL target not found
Refreshing native plugins compatible for Editor in 87.68 ms, found 3 plugins.
Preloading 0 native plugins for Editor in 0.00 ms.
Mono: successfully reloaded assembly
- Completed reload, in  1.223 seconds
Domain Reload Profiling:
	ReloadAssembly (1224ms)
		BeginReloadAssembly (50ms)
			ExecutionOrderSort (0ms)
			DisableScriptedObjects (0ms)
			BackupInstance (0ms)
			ReleaseScriptingObjects (0ms)
			CreateAndSetChildDomain (1ms)
		EndReloadAssembly (465ms)
			LoadAssemblies (48ms)
			RebuildTransferFunctionScriptingTraits (0ms)
			SetupTypeCache (162ms)
			ReleaseScriptCaches (0ms)
			RebuildScriptCaches (31ms)
			SetupLoadedEditorAssemblies (225ms)
				LogAssemblyErrors (0ms)
				InitializePlatformSupportModulesInManaged (7ms)
				SetLoadedEditorAssemblies (0ms)
				RefreshPlugins (88ms)
				BeforeProcessingInitializeOnLoad (1ms)
				ProcessInitializeOnLoadAttributes (99ms)
				ProcessInitializeOnLoadMethodAttributes (31ms)
				AfterProcessingInitializeOnLoad (0ms)
				EditorAssembliesLoaded (0ms)
			ExecutionOrderSort2 (0ms)
			AwakeInstancesAfterBackupRestoration (0ms)
Platform modules already initialized, skipping
Registering precompiled user dll's ...
Registered in 0.005338 seconds.
Begin MonoManager ReloadAssembly
Symbol file LoadedFromMemory doesn't match image C:\Users\Jesse Deschênes RES\Desktop\Tp03\DESCHENES_Jesse_Tp03\Library\PackageCache\com.unity.visualscripting@1.6.1\Editor\VisualScripting.Core\Dependencies\YamlDotNet\Unity.VisualScripting.YamlDotNet.dll
Symbol file LoadedFromMemory doesn't match image C:\Users\Jesse Deschênes RES\Desktop\Tp03\DESCHENES_Jesse_Tp03\Library\PackageCache\com.unity.visualscripting@1.6.1\Editor\VisualScripting.Core\Dependencies\DotNetZip\Unity.VisualScripting.IonicZip.dll
Native extension for WindowsStandalone target not found
Native extension for WebGL target not found
Refreshing native plugins compatible for Editor in 0.79 ms, found 3 plugins.
Preloading 0 native plugins for Editor in 0.00 ms.
Mono: successfully reloaded assembly
- Completed reload, in  1.090 seconds
Domain Reload Profiling:
	ReloadAssembly (1091ms)
		BeginReloadAssembly (138ms)
			ExecutionOrderSort (0ms)
			DisableScriptedObjects (5ms)
			BackupInstance (0ms)
			ReleaseScriptingObjects (0ms)
			CreateAndSetChildDomain (21ms)
		EndReloadAssembly (891ms)
			LoadAssemblies (80ms)
			RebuildTransferFunctionScriptingTraits (0ms)
			SetupTypeCache (323ms)
			ReleaseScriptCaches (1ms)
			RebuildScriptCaches (52ms)
			SetupLoadedEditorAssemblies (331ms)
				LogAssemblyErrors (0ms)
				InitializePlatformSupportModulesInManaged (5ms)
				SetLoadedEditorAssemblies (0ms)
				RefreshPlugins (1ms)
				BeforeProcessingInitializeOnLoad (74ms)
				ProcessInitializeOnLoadAttributes (238ms)
				ProcessInitializeOnLoadMethodAttributes (6ms)
				AfterProcessingInitializeOnLoad (6ms)
				EditorAssembliesLoaded (0ms)
			ExecutionOrderSort2 (0ms)
			AwakeInstancesAfterBackupRestoration (6ms)
Platform modules already initialized, skipping
========================================================================
Worker process is ready to serve import requests
Launched and connected shader compiler UnityShaderCompiler.exe after 0.05 seconds
Refreshing native plugins compatible for Editor in 0.73 ms, found 3 plugins.
Preloading 0 native plugins for Editor in 0.00 ms.
Unloading 3077 Unused Serialized files (Serialized files now loaded: 0)
System memory in use before: 136.3 MB.
System memory in use after: 136.6 MB.

Unloading 21 unused Assets to reduce memory usage. Loaded Objects now: 3548.
Total: 3.630300 ms (FindLiveObjects: 0.296900 ms CreateObjectMapping: 0.093100 ms MarkObjects: 3.207000 ms  DeleteObjects: 0.031900 ms)

AssetImportParameters requested are different than current active one (requested -> active):
  custom:framework-win-MediaFoundation: 216162199b28c13a410421893ffa2e32 -> 
  custom:video-decoder-ogg-theora: a1e56fd34408186e4bbccfd4996cb3dc -> 
  custom:container-muxer-webm: aa71ff27fc2769a1b78a27578f13a17b -> 
  custom:container-demuxer-webm: 4f35f7cbe854078d1ac9338744f61a02 -> 
  custom:container-demuxer-ogg: 62fdf1f143b41e24485cea50d1cbac27 -> 
  custom:video-encoder-webm-vp8: eb34c28f22e8b96e1ab97ce403110664 -> 
  custom:video-codec-MediaFoundation-h265: 746d11721c4dcdbdad8f713fa42b33f4 -> 
  custom:video-decoder-webm-vp8: 9c59270c3fd7afecdb556c50c9e8de78 -> 
  custom:audio-decoder-ogg-vorbis: bf7c407c2cedff20999df2af8eb42d56 -> 
  custom:audio-encoder-webm-vorbis: bf7c407c2cedff20999df2af8eb42d56 -> 
========================================================================
Received Import Request.
  path: Assets/Scenes/Accueil
  artifactKey: Guid(f95c9ea32cb220a4aaaafaf067fc47ec) Importer(815301076,1909f56bfc062723c751e8b465ee728b)
Start importing Assets/Scenes/Accueil using Guid(f95c9ea32cb220a4aaaafaf067fc47ec) Importer(815301076,1909f56bfc062723c751e8b465ee728b)  -> (artifact id: 'f1d397027cc8e921c8daf9d5c8ca72f3') in 0.012547 seconds 
========================================================================
Received Import Request.
  Time since last request: 0.000296 seconds.
  path: Assets/Scenes/Accueil/LightingData.asset
  artifactKey: Guid(b304805d69e9e824aa4247bd14ef8508) Importer(815301076,1909f56bfc062723c751e8b465ee728b)
Start importing Assets/Scenes/Accueil/LightingData.asset using Guid(b304805d69e9e824aa4247bd14ef8508) Importer(815301076,1909f56bfc062723c751e8b465ee728b)  -> (artifact id: '669c4342eaae7a4b535e8cefd4b4640a') in 0.033800 seconds 
========================================================================
Received Import Request.
  Time since last request: 0.000293 seconds.
  path: Assets/Scenes/Main
  artifactKey: Guid(ca32cb6f2d76a75489cc6f67a5edd80e) Importer(815301076,1909f56bfc062723c751e8b465ee728b)
Start importing Assets/Scenes/Main using Guid(ca32cb6f2d76a75489cc6f67a5edd80e) Importer(815301076,1909f56bfc062723c751e8b465ee728b)  -> (artifact id: '95cc74e670a5f798aedbba5f7fc7c0d1') in 0.009126 seconds 
========================================================================
Received Import Request.
  Time since last request: 0.000281 seconds.
  path: Assets/Scenes/Accueil/ReflectionProbe-0.exr
  artifactKey: Guid(4c57bf5923a5b4c4d8306fd72b15bf9e) Importer(815301076,1909f56bfc062723c751e8b465ee728b)
Start importing Assets/Scenes/Accueil/ReflectionProbe-0.exr using Guid(4c57bf5923a5b4c4d8306fd72b15bf9e) Importer(815301076,1909f56bfc062723c751e8b465ee728b)  -> (artifact id: '65bf6c565eb884e1fa187016e41bfabd') in 0.094994 seconds 
========================================================================
Received Import Request.
  Time since last request: 0.000273 seconds.
  path: Assets/Scenes/Main/OcclusionCullingData.asset
  artifactKey: Guid(b76a5248d456c4047975eca4980340ef) Importer(815301076,1909f56bfc062723c751e8b465ee728b)
Start importing Assets/Scenes/Main/OcclusionCullingData.asset using Guid(b76a5248d456c4047975eca4980340ef) Importer(815301076,1909f56bfc062723c751e8b465ee728b)  -> (artifact id: 'd6f03207d17d4a7e59852e38ef22c41d') in 0.011145 seconds 
========================================================================
Received Import Request.
  Time since last request: 0.000400 seconds.
  path: Assets/Scenes/Accueil/Lightmap-0_comp_light.exr
  artifactKey: Guid(b3026a10a3e7f14469037dde5aa3dd07) Importer(815301076,1909f56bfc062723c751e8b465ee728b)
Start importing Assets/Scenes/Accueil/Lightmap-0_comp_light.exr using Guid(b3026a10a3e7f14469037dde5aa3dd07) Importer(815301076,1909f56bfc062723c751e8b465ee728b)  -> (artifact id: '39a538fa60c689f52a7854acf873536f') in 0.029391 seconds 
========================================================================
Received Import Request.
  Time since last request: 0.000348 seconds.
  path: Assets/Scenes/Accueil/Lightmap-1_comp_dir.png
  artifactKey: Guid(4ec78d84c3b4d9244a7146eaa4341c4f) Importer(815301076,1909f56bfc062723c751e8b465ee728b)
Start importing Assets/Scenes/Accueil/Lightmap-1_comp_dir.png using Guid(4ec78d84c3b4d9244a7146eaa4341c4f) Importer(815301076,1909f56bfc062723c751e8b465ee728b)  -> (artifact id: '4d2f077757655a61f3401f7c7958e0fb') in 0.022249 seconds 
========================================================================
Received Import Request.
  Time since last request: 0.000326 seconds.
  path: Assets/Scenes/Accueil/Lightmap-1_comp_light.exr
  artifactKey: Guid(0bc7fed5c978f7d458fd36c9397068a9) Importer(815301076,1909f56bfc062723c751e8b465ee728b)
Start importing Assets/Scenes/Accueil/Lightmap-1_comp_light.exr using Guid(0bc7fed5c978f7d458fd36c9397068a9) Importer(815301076,1909f56bfc062723c751e8b465ee728b)  -> (artifact id: '5fc7fd471a2b96853d4970b5850c771e') in 0.020599 seconds 
========================================================================
Received Import Request.
  Time since last request: 0.000235 seconds.
  path: Assets/Scenes/Accueil/OcclusionCullingData.asset
  artifactKey: Guid(5cede0d30030a09438e5f07d887882b8) Importer(815301076,1909f56bfc062723c751e8b465ee728b)
Start importing Assets/Scenes/Accueil/OcclusionCullingData.asset using Guid(5cede0d30030a09438e5f07d887882b8) Importer(815301076,1909f56bfc062723c751e8b465ee728b)  -> (artifact id: '0308cb15d71029860f06605afd6e0678') in 0.004830 seconds 
========================================================================
Received Import Request.
  Time since last request: 0.000255 seconds.
  path: Assets/Scenes/Accueil/Lightmap-0_comp_dir.png
  artifactKey: Guid(e11b6667b7f5f0747bdeb708162402d1) Importer(815301076,1909f56bfc062723c751e8b465ee728b)
Start importing Assets/Scenes/Accueil/Lightmap-0_comp_dir.png using Guid(e11b6667b7f5f0747bdeb708162402d1) Importer(815301076,1909f56bfc062723c751e8b465ee728b)  -> (artifact id: 'd9837c421e7ffefd12249d2546dbf4c7') in 0.019397 seconds 
========================================================================
Received Import Request.
  Time since last request: 0.111867 seconds.
  path: Assets/Scenes/Main_Profiles
  artifactKey: Guid(b18068a05ac67d545b6ebc7942092061) Importer(815301076,1909f56bfc062723c751e8b465ee728b)
Start importing Assets/Scenes/Main_Profiles using Guid(b18068a05ac67d545b6ebc7942092061) Importer(815301076,1909f56bfc062723c751e8b465ee728b)  -> (artifact id: '95fdacc37877c624e6d426ead02bb0c9') in 0.008473 seconds 
========================================================================
Received Import Request.
  Time since last request: 0.054391 seconds.
  path: Assets/Scenes/Main_Profiles/Camera_combat Profile.asset
  artifactKey: Guid(6f0156c8f5aaa95439e8f08c81fe1663) Importer(815301076,1909f56bfc062723c751e8b465ee728b)
Start importing Assets/Scenes/Main_Profiles/Camera_combat Profile.asset using Guid(6f0156c8f5aaa95439e8f08c81fe1663) Importer(815301076,1909f56bfc062723c751e8b465ee728b)  -> (artifact id: '09da0e9a880ac4112663357f91d3a9f1') in 0.015187 seconds 
========================================================================
Received Import Request.
  Time since last request: 6.049036 seconds.
  path: Assets/Scenes/Main.unity
  artifactKey: Guid(9fc0d4010bbf28b4594072e72b8655ab) Importer(815301076,1909f56bfc062723c751e8b465ee728b)
Start importing Assets/Scenes/Main.unity using Guid(9fc0d4010bbf28b4594072e72b8655ab) Importer(815301076,1909f56bfc062723c751e8b465ee728b)  -> (artifact id: 'c792669b117b4212d999fe7490c79c6b') in 0.004380 seconds 
========================================================================
Received Import Request.
  Time since last request: 0.768586 seconds.
  path: Assets/Scenes/Accueil.unity
  artifactKey: Guid(ecfd7664860c14eab97cacb6d51a4ee7) Importer(815301076,1909f56bfc062723c751e8b465ee728b)
Start importing Assets/Scenes/Accueil.unity using Guid(ecfd7664860c14eab97cacb6d51a4ee7) Importer(815301076,1909f56bfc062723c751e8b465ee728b)  -> (artifact id: '365d6cd081732156240383d38112a3a6') in 0.009943 seconds 
========================================================================
Received Prepare
Registering precompiled user dll's ...
Registered in 0.019971 seconds.
Begin MonoManager ReloadAssembly
Symbol file LoadedFromMemory doesn't match image C:\Users\Jesse Deschênes RES\Desktop\Tp03\DESCHENES_Jesse_Tp03\Library\PackageCache\com.unity.visualscripting@1.6.1\Editor\VisualScripting.Core\Dependencies\YamlDotNet\Unity.VisualScripting.YamlDotNet.dll
Symbol file LoadedFromMemory doesn't match image C:\Users\Jesse Deschênes RES\Desktop\Tp03\DESCHENES_Jesse_Tp03\Library\PackageCache\com.unity.visualscripting@1.6.1\Editor\VisualScripting.Core\Dependencies\DotNetZip\Unity.VisualScripting.IonicZip.dll
Native extension for WindowsStandalone target not found
Native extension for WebGL target not found
Refreshing native plugins compatible for Editor in 0.73 ms, found 3 plugins.
Preloading 0 native plugins for Editor in 0.00 ms.
Mono: successfully reloaded assembly
- Completed reload, in  1.128 seconds
Domain Reload Profiling:
	ReloadAssembly (1129ms)
		BeginReloadAssembly (123ms)
			ExecutionOrderSort (0ms)
			DisableScriptedObjects (4ms)
			BackupInstance (0ms)
			ReleaseScriptingObjects (0ms)
			CreateAndSetChildDomain (41ms)
		EndReloadAssembly (944ms)
			LoadAssemblies (118ms)
			RebuildTransferFunctionScriptingTraits (0ms)
			SetupTypeCache (337ms)
			ReleaseScriptCaches (1ms)
			RebuildScriptCaches (40ms)
			SetupLoadedEditorAssemblies (309ms)
				LogAssemblyErrors (0ms)
				InitializePlatformSupportModulesInManaged (5ms)
				SetLoadedEditorAssemblies (0ms)
				RefreshPlugins (1ms)
				BeforeProcessingInitializeOnLoad (56ms)
				ProcessInitializeOnLoadAttributes (234ms)
				ProcessInitializeOnLoadMethodAttributes (4ms)
				AfterProcessingInitializeOnLoad (7ms)
				EditorAssembliesLoaded (0ms)
			ExecutionOrderSort2 (0ms)
			AwakeInstancesAfterBackupRestoration (13ms)
Platform modules already initialized, skipping
Refreshing native plugins compatible for Editor in 0.70 ms, found 3 plugins.
Preloading 0 native plugins for Editor in 0.00 ms.
Unloading 3049 Unused Serialized files (Serialized files now loaded: 0)
System memory in use before: 153.2 MB.
System memory in use after: 153.5 MB.

Unloading 17 unused Assets to reduce memory usage. Loaded Objects now: 3661.
Total: 2.671000 ms (FindLiveObjects: 0.343100 ms CreateObjectMapping: 0.084200 ms MarkObjects: 2.218900 ms  DeleteObjects: 0.022600 ms)

AssetImportParameters requested are different than current active one (requested -> active):
  custom:framework-win-MediaFoundation: 216162199b28c13a410421893ffa2e32 -> 
  custom:video-decoder-ogg-theora: a1e56fd34408186e4bbccfd4996cb3dc -> 
  custom:container-muxer-webm: aa71ff27fc2769a1b78a27578f13a17b -> 
  custom:container-demuxer-webm: 4f35f7cbe854078d1ac9338744f61a02 -> 
  custom:container-demuxer-ogg: 62fdf1f143b41e24485cea50d1cbac27 -> 
  custom:video-encoder-webm-vp8: eb34c28f22e8b96e1ab97ce403110664 -> 
  custom:video-codec-MediaFoundation-h265: 746d11721c4dcdbdad8f713fa42b33f4 -> 
  custom:video-decoder-webm-vp8: 9c59270c3fd7afecdb556c50c9e8de78 -> 
  custom:audio-decoder-ogg-vorbis: bf7c407c2cedff20999df2af8eb42d56 -> 
  custom:audio-encoder-webm-vorbis: bf7c407c2cedff20999df2af8eb42d56 -> 
========================================================================
Received Prepare
Refreshing native plugins compatible for Editor in 4.03 ms, found 3 plugins.
Preloading 0 native plugins for Editor in 0.00 ms.
Unloading 15 Unused Serialized files (Serialized files now loaded: 0)
System memory in use before: 93.1 MB.
System memory in use after: 93.3 MB.

Unloading 15 unused Assets to reduce memory usage. Loaded Objects now: 3661.
Total: 2.959100 ms (FindLiveObjects: 0.382400 ms CreateObjectMapping: 0.201200 ms MarkObjects: 2.356100 ms  DeleteObjects: 0.018000 ms)

AssetImportParameters requested are different than current active one (requested -> active):
  custom:framework-win-MediaFoundation: 216162199b28c13a410421893ffa2e32 -> 
  custom:video-decoder-ogg-theora: a1e56fd34408186e4bbccfd4996cb3dc -> 
  custom:container-muxer-webm: aa71ff27fc2769a1b78a27578f13a17b -> 
  custom:container-demuxer-webm: 4f35f7cbe854078d1ac9338744f61a02 -> 
  custom:container-demuxer-ogg: 62fdf1f143b41e24485cea50d1cbac27 -> 
  custom:video-encoder-webm-vp8: eb34c28f22e8b96e1ab97ce403110664 -> 
  custom:video-codec-MediaFoundation-h265: 746d11721c4dcdbdad8f713fa42b33f4 -> 
  custom:video-decoder-webm-vp8: 9c59270c3fd7afecdb556c50c9e8de78 -> 
  custom:audio-decoder-ogg-vorbis: bf7c407c2cedff20999df2af8eb42d56 -> 
  custom:audio-encoder-webm-vorbis: bf7c407c2cedff20999df2af8eb42d56 -> 
========================================================================
Received Prepare
Refreshing native plugins compatible for Editor in 4.56 ms, found 3 plugins.
Preloading 0 native plugins for Editor in 0.00 ms.
Unloading 15 Unused Serialized files (Serialized files now loaded: 0)
System memory in use before: 93.1 MB.
System memory in use after: 93.3 MB.

Unloading 15 unused Assets to reduce memory usage. Loaded Objects now: 3661.
Total: 2.501300 ms (FindLiveObjects: 0.317600 ms CreateObjectMapping: 0.082600 ms MarkObjects: 2.081700 ms  DeleteObjects: 0.018500 ms)

AssetImportParameters requested are different than current active one (requested -> active):
  custom:framework-win-MediaFoundation: 216162199b28c13a410421893ffa2e32 -> 
  custom:video-decoder-ogg-theora: a1e56fd34408186e4bbccfd4996cb3dc -> 
  custom:container-muxer-webm: aa71ff27fc2769a1b78a27578f13a17b -> 
  custom:container-demuxer-webm: 4f35f7cbe854078d1ac9338744f61a02 -> 
  custom:container-demuxer-ogg: 62fdf1f143b41e24485cea50d1cbac27 -> 
  custom:video-encoder-webm-vp8: eb34c28f22e8b96e1ab97ce403110664 -> 
  custom:video-codec-MediaFoundation-h265: 746d11721c4dcdbdad8f713fa42b33f4 -> 
  custom:video-decoder-webm-vp8: 9c59270c3fd7afecdb556c50c9e8de78 -> 
  custom:audio-decoder-ogg-vorbis: bf7c407c2cedff20999df2af8eb42d56 -> 
  custom:audio-encoder-webm-vorbis: bf7c407c2cedff20999df2af8eb42d56 -> 
========================================================================
Received Import Request.
  Time since last request: 174.023126 seconds.
  path: Assets/Store Assets/Fantasy Wooden GUI  Free/normal_ui_set A/1_normal_ui_set free.psd
  artifactKey: Guid(1ab331a196bae1046b7a75ed7e3f6b46) Importer(815301076,1909f56bfc062723c751e8b465ee728b)
Start importing Assets/Store Assets/Fantasy Wooden GUI  Free/normal_ui_set A/1_normal_ui_set free.psd using Guid(1ab331a196bae1046b7a75ed7e3f6b46) Importer(815301076,1909f56bfc062723c751e8b465ee728b)  -> (artifact id: '237862d9f7633bf1f85167d294b08993') in 0.087268 seconds 
========================================================================
Received Import Request.
  Time since last request: 0.000305 seconds.
  path: Assets/Store Assets/Fantasy Wooden GUI  Free/normal_ui_set A/1_normal_ui_set-free.png
  artifactKey: Guid(f3e42cb7317f6f14186e2c2267014de2) Importer(815301076,1909f56bfc062723c751e8b465ee728b)
Start importing Assets/Store Assets/Fantasy Wooden GUI  Free/normal_ui_set A/1_normal_ui_set-free.png using Guid(f3e42cb7317f6f14186e2c2267014de2) Importer(815301076,1909f56bfc062723c751e8b465ee728b)  -> (artifact id: '94e725e61422c1990ce28752c75f7fdf') in 0.024961 seconds 
========================================================================
Received Import Request.
  Time since last request: 0.000296 seconds.
  path: Assets/Store Assets/SF_RankIcons/red-light/9.png
  artifactKey: Guid(cc704c2e8c5ccf64aa377d2ea76f49ea) Importer(815301076,1909f56bfc062723c751e8b465ee728b)
Start importing Assets/Store Assets/SF_RankIcons/red-light/9.png using Guid(cc704c2e8c5ccf64aa377d2ea76f49ea) Importer(815301076,1909f56bfc062723c751e8b465ee728b)  -> (artifact id: '8ad9fa1aec53ae955c58d90032df3899') in 0.018656 seconds 
========================================================================
Received Import Request.
  Time since last request: 0.000320 seconds.
  path: Assets/Store Assets/SF_RankIcons/blue-light/9.png
  artifactKey: Guid(26dccee1af539a94aa7500026e541e50) Importer(815301076,1909f56bfc062723c751e8b465ee728b)
Start importing Assets/Store Assets/SF_RankIcons/blue-light/9.png using Guid(26dccee1af539a94aa7500026e541e50) Importer(815301076,1909f56bfc062723c751e8b465ee728b)  -> (artifact id: '939fcc0a5ebcd24dd4fc7f2a12717c18') in 0.017897 seconds 
========================================================================
Received Import Request.
  Time since last request: 0.877902 seconds.
  path: Assets/Models/EnnemiBrute/Textures/axe_DIF2.png
  artifactKey: Guid(189524eda36c3aa48a67855373c144b5) Importer(815301076,1909f56bfc062723c751e8b465ee728b)
Start importing Assets/Models/EnnemiBrute/Textures/axe_DIF2.png using Guid(189524eda36c3aa48a67855373c144b5) Importer(815301076,1909f56bfc062723c751e8b465ee728b)  -> (artifact id: 'b3e41d419dba75a0390ebb7c4f771194') in 0.051236 seconds 
========================================================================
Received Import Request.
  Time since last request: 0.035784 seconds.
  path: Assets/Models/EnnemiBrute/Textures/axe_NM2.png
  artifactKey: Guid(8a0858af98bedd94dbd37fb928e54e55) Importer(815301076,1909f56bfc062723c751e8b465ee728b)
Start importing Assets/Models/EnnemiBrute/Textures/axe_NM2.png using Guid(8a0858af98bedd94dbd37fb928e54e55) Importer(815301076,1909f56bfc062723c751e8b465ee728b)  -> (artifact id: '4ba79833ee37ce22195ebc93a3eaaa1b') in 0.019082 seconds 
========================================================================
Received Import Request.
  Time since last request: 0.035309 seconds.
  path: Assets/Models/EnnemiBrute/Textures/axe_SPEC.png
  artifactKey: Guid(031c8295febaab64fb548fb7736d1b70) Importer(815301076,1909f56bfc062723c751e8b465ee728b)
Start importing Assets/Models/EnnemiBrute/Textures/axe_SPEC.png using Guid(031c8295febaab64fb548fb7736d1b70) Importer(815301076,1909f56bfc062723c751e8b465ee728b)  -> (artifact id: '9e09fa3c5ac0ad6310fb28f6101c83dc') in 0.014339 seconds 
========================================================================
Received Import Request.
  Time since last request: 0.826754 seconds.
  path: Assets/Models/Personnage Joueur/Ch44_nonPBR.fbm/Ch44_1001_Diffuse.png
  artifactKey: Guid(7c68cdea997ac42c6b9a2a3a6eeefef5) Importer(815301076,1909f56bfc062723c751e8b465ee728b)
Start importing Assets/Models/Personnage Joueur/Ch44_nonPBR.fbm/Ch44_1001_Diffuse.png using Guid(7c68cdea997ac42c6b9a2a3a6eeefef5) Importer(815301076,1909f56bfc062723c751e8b465ee728b)  -> (artifact id: '727c67b82a47de59527b659e791f0ee2') in 0.041023 seconds 
========================================================================
Received Import Request.
  Time since last request: 0.000270 seconds.
  path: Assets/Models/Personnage Joueur/Ch44_nonPBR.fbm/Ch44_1001_Diffuse 1.png
  artifactKey: Guid(998d65a9742094036a659c73a00865cb) Importer(815301076,1909f56bfc062723c751e8b465ee728b)
Start importing Assets/Models/Personnage Joueur/Ch44_nonPBR.fbm/Ch44_1001_Diffuse 1.png using Guid(998d65a9742094036a659c73a00865cb) Importer(815301076,1909f56bfc062723c751e8b465ee728b)  -> (artifact id: 'c8e596acfa76bbf300fecd7432125b70') in 0.013946 seconds 
========================================================================
Received Import Request.
  Time since last request: 0.042822 seconds.
  path: Assets/Models/Personnage Joueur/Ch44_nonPBR.fbm/Ch44_1001_Emissive.png
  artifactKey: Guid(36435fc8f9b504dcc94bcea3edd81a12) Importer(815301076,1909f56bfc062723c751e8b465ee728b)
Start importing Assets/Models/Personnage Joueur/Ch44_nonPBR.fbm/Ch44_1001_Emissive.png using Guid(36435fc8f9b504dcc94bcea3edd81a12) Importer(815301076,1909f56bfc062723c751e8b465ee728b)  -> (artifact id: '081882a08a571bbbbc96f2aea330f8fd') in 0.012988 seconds 
========================================================================
Received Import Request.
  Time since last request: 0.000273 seconds.
  path: Assets/Models/Personnage Joueur/Ch44_nonPBR.fbm/Ch44_1001_Emissive 1.png
  artifactKey: Guid(750d1ee9a081b4bed969d6092cc91c17) Importer(815301076,1909f56bfc062723c751e8b465ee728b)
Start importing Assets/Models/Personnage Joueur/Ch44_nonPBR.fbm/Ch44_1001_Emissive 1.png using Guid(750d1ee9a081b4bed969d6092cc91c17) Importer(815301076,1909f56bfc062723c751e8b465ee728b)  -> (artifact id: '1bd9d9252322947e778216eeb63e4f4e') in 0.014011 seconds 
========================================================================
Received Import Request.
  Time since last request: 0.433425 seconds.
  path: Assets/Models/Personnage Joueur/Ch44_nonPBR.fbm/Ch44_1001_Glossiness.png
  artifactKey: Guid(0767587fb759c4a528fe527d039c453e) Importer(815301076,1909f56bfc062723c751e8b465ee728b)
Start importing Assets/Models/Personnage Joueur/Ch44_nonPBR.fbm/Ch44_1001_Glossiness.png using Guid(0767587fb759c4a528fe527d039c453e) Importer(815301076,1909f56bfc062723c751e8b465ee728b)  -> (artifact id: 'e7ad20cdf0883951525422a8a0192ea4') in 0.012783 seconds 
========================================================================
Received Import Request.
  Time since last request: 0.035752 seconds.
  path: Assets/Models/Personnage Joueur/Ch44_nonPBR.fbm/Ch44_1001_Glossiness 1.png
  artifactKey: Guid(d87cebabb13334ee88b11e058cb7357f) Importer(815301076,1909f56bfc062723c751e8b465ee728b)
Start importing Assets/Models/Personnage Joueur/Ch44_nonPBR.fbm/Ch44_1001_Glossiness 1.png using Guid(d87cebabb13334ee88b11e058cb7357f) Importer(815301076,1909f56bfc062723c751e8b465ee728b)  -> (artifact id: 'f8611ba30dd3336c358a53f589f95099') in 0.013558 seconds 
========================================================================
Received Import Request.
  Time since last request: 0.000290 seconds.
  path: Assets/Models/Personnage Joueur/Ch44_nonPBR.fbm/Ch44_1001_Normal.png
  artifactKey: Guid(e505e2fb778e14a9b961e3b998c7e5ef) Importer(815301076,1909f56bfc062723c751e8b465ee728b)
Start importing Assets/Models/Personnage Joueur/Ch44_nonPBR.fbm/Ch44_1001_Normal.png using Guid(e505e2fb778e14a9b961e3b998c7e5ef) Importer(815301076,1909f56bfc062723c751e8b465ee728b)  -> (artifact id: '28e1eb2fd22251c12aff61816b0b834c') in 0.015461 seconds 
========================================================================
Received Import Request.
  Time since last request: 0.041614 seconds.
  path: Assets/Models/Personnage Joueur/Ch44_nonPBR.fbm/Ch44_1001_Normal 1.png
  artifactKey: Guid(75bc3dac5b5874ac18d13e34ac3202a3) Importer(815301076,1909f56bfc062723c751e8b465ee728b)
Start importing Assets/Models/Personnage Joueur/Ch44_nonPBR.fbm/Ch44_1001_Normal 1.png using Guid(75bc3dac5b5874ac18d13e34ac3202a3) Importer(815301076,1909f56bfc062723c751e8b465ee728b)  -> (artifact id: '7bc5e9ec14a89cc5c79cd6d32c719eb0') in 0.014913 seconds 
========================================================================
Received Import Request.
  Time since last request: 0.320151 seconds.
  path: Assets/Models/Personnage Joueur/Ch44_nonPBR.fbm/Ch44_1001_Specular.png
  artifactKey: Guid(52f25517762804bd6acdb1ef90d831af) Importer(815301076,1909f56bfc062723c751e8b465ee728b)
Start importing Assets/Models/Personnage Joueur/Ch44_nonPBR.fbm/Ch44_1001_Specular.png using Guid(52f25517762804bd6acdb1ef90d831af) Importer(815301076,1909f56bfc062723c751e8b465ee728b)  -> (artifact id: 'fa52c01da9142446b060548719b12711') in 0.013322 seconds 
========================================================================
Received Import Request.
  Time since last request: 0.045393 seconds.
  path: Assets/Models/Personnage Joueur/Ch44_nonPBR.fbm/Ch44_1001_Specular 1.png
  artifactKey: Guid(2a511e9d5ec4a41b191fe77e1a9828c8) Importer(815301076,1909f56bfc062723c751e8b465ee728b)
Start importing Assets/Models/Personnage Joueur/Ch44_nonPBR.fbm/Ch44_1001_Specular 1.png using Guid(2a511e9d5ec4a41b191fe77e1a9828c8) Importer(815301076,1909f56bfc062723c751e8b465ee728b)  -> (artifact id: 'eca640a73ed9db9f507d4c5cf8fdc0af') in 0.012069 seconds 
========================================================================
Received Import Request.
  Time since last request: 0.035864 seconds.
  path: Assets/Models/Personnage Joueur/Ch44_nonPBR.fbm/Ch44_1002_Diffuse.png
  artifactKey: Guid(40102a2f12e954b61bf4ec4222e2b88e) Importer(815301076,1909f56bfc062723c751e8b465ee728b)
Start importing Assets/Models/Personnage Joueur/Ch44_nonPBR.fbm/Ch44_1002_Diffuse.png using Guid(40102a2f12e954b61bf4ec4222e2b88e) Importer(815301076,1909f56bfc062723c751e8b465ee728b)  -> (artifact id: '097e803fe680cd1461881ff40a76f401') in 0.013693 seconds 
========================================================================
Received Import Request.
  Time since last request: 0.035448 seconds.
  path: Assets/Models/Personnage Joueur/Ch44_nonPBR.fbm/Ch44_1002_Diffuse 1.png
  artifactKey: Guid(99d98c466392f41ef9a4f85c93aa5e49) Importer(815301076,1909f56bfc062723c751e8b465ee728b)
Start importing Assets/Models/Personnage Joueur/Ch44_nonPBR.fbm/Ch44_1002_Diffuse 1.png using Guid(99d98c466392f41ef9a4f85c93aa5e49) Importer(815301076,1909f56bfc062723c751e8b465ee728b)  -> (artifact id: '795117af2f0ea8779b823fd9c774c5ca') in 0.013010 seconds 
========================================================================
Received Import Request.
  Time since last request: 0.042171 seconds.
  path: Assets/Models/Personnage Joueur/Ch44_nonPBR.fbm/Ch44_1002_Emissive.png
  artifactKey: Guid(0faf8c6d2561d434ebff25fb0c190e15) Importer(815301076,1909f56bfc062723c751e8b465ee728b)
Start importing Assets/Models/Personnage Joueur/Ch44_nonPBR.fbm/Ch44_1002_Emissive.png using Guid(0faf8c6d2561d434ebff25fb0c190e15) Importer(815301076,1909f56bfc062723c751e8b465ee728b)  -> (artifact id: 'f63582f6883f66fc411feb699fa034e9') in 0.013242 seconds 
========================================================================
Received Import Request.
  Time since last request: 1.044543 seconds.
  path: Assets/Models/Personnage Joueur/Ch44_nonPBR.fbm/Ch44_1002_Emissive 1.png
  artifactKey: Guid(85089c43a7c5149cb9d1746207cc2fdc) Importer(815301076,1909f56bfc062723c751e8b465ee728b)
Start importing Assets/Models/Personnage Joueur/Ch44_nonPBR.fbm/Ch44_1002_Emissive 1.png using Guid(85089c43a7c5149cb9d1746207cc2fdc) Importer(815301076,1909f56bfc062723c751e8b465ee728b)  -> (artifact id: '58d311191fe0f45cb41b1dee9854fbbb') in 0.012602 seconds 
========================================================================
Received Import Request.
  Time since last request: 0.000286 seconds.
  path: Assets/Models/Personnage Joueur/Ch44_nonPBR.fbm/Ch44_1002_Glossiness 1.png
  artifactKey: Guid(f5ae083c537ec43d4ada1f5c922d1126) Importer(815301076,1909f56bfc062723c751e8b465ee728b)
Start importing Assets/Models/Personnage Joueur/Ch44_nonPBR.fbm/Ch44_1002_Glossiness 1.png using Guid(f5ae083c537ec43d4ada1f5c922d1126) Importer(815301076,1909f56bfc062723c751e8b465ee728b)  -> (artifact id: '8c04a7ae8d778dede9399f3f6ad8fdfb') in 0.014973 seconds 
========================================================================
Received Import Request.
  Time since last request: 0.000489 seconds.
  path: Assets/Models/Personnage Joueur/Ch44_nonPBR.fbm/Ch44_1002_Glossiness.png
  artifactKey: Guid(c0e96e4de0707489cbc0c5982d16a22d) Importer(815301076,1909f56bfc062723c751e8b465ee728b)
Start importing Assets/Models/Personnage Joueur/Ch44_nonPBR.fbm/Ch44_1002_Glossiness.png using Guid(c0e96e4de0707489cbc0c5982d16a22d) Importer(815301076,1909f56bfc062723c751e8b465ee728b)  -> (artifact id: '862739f234a985b17a7f12f7e7542e19') in 0.016099 seconds 
========================================================================
Received Import Request.
  Time since last request: 0.019806 seconds.
  path: Assets/Models/Personnage Joueur/Ch44_nonPBR.fbm/Ch44_1002_Specular.png
  artifactKey: Guid(2dacafb069bb54af6aaf395b78f64455) Importer(815301076,1909f56bfc062723c751e8b465ee728b)
Start importing Assets/Models/Personnage Joueur/Ch44_nonPBR.fbm/Ch44_1002_Specular.png using Guid(2dacafb069bb54af6aaf395b78f64455) Importer(815301076,1909f56bfc062723c751e8b465ee728b)  -> (artifact id: '74fa5231d9ba803c5b56958057e68d9f') in 0.014998 seconds 
========================================================================
Received Import Request.
  Time since last request: 0.000255 seconds.
  path: Assets/Models/Personnage Joueur/Ch44_nonPBR.fbm/Ch44_1002_Specular 1.png
  artifactKey: Guid(6d4d99406a38a4e388d98bddb2b65541) Importer(815301076,1909f56bfc062723c751e8b465ee728b)
Start importing Assets/Models/Personnage Joueur/Ch44_nonPBR.fbm/Ch44_1002_Specular 1.png using Guid(6d4d99406a38a4e388d98bddb2b65541) Importer(815301076,1909f56bfc062723c751e8b465ee728b)  -> (artifact id: '600cd5008668c12d82695e64cc68ac18') in 0.016803 seconds 
========================================================================
Received Import Request.
  Time since last request: 0.000317 seconds.
  path: Assets/Store Assets/Fantasy Wooden GUI  Free/normal_ui_set A/Close Button.png
  artifactKey: Guid(11277a3f23988ec47908362d708edaa8) Importer(815301076,1909f56bfc062723c751e8b465ee728b)
Start importing Assets/Store Assets/Fantasy Wooden GUI  Free/normal_ui_set A/Close Button.png using Guid(11277a3f23988ec47908362d708edaa8) Importer(815301076,1909f56bfc062723c751e8b465ee728b)  -> (artifact id: 'de32a7f48652e8b1751cb0781d8b19c3') in 0.022689 seconds 
========================================================================
Received Import Request.
  Time since last request: 0.000239 seconds.
  path: Assets/Store Assets/Fantasy Wooden GUI  Free/normal_ui_set A/IRONY TITLE  empty.png
  artifactKey: Guid(4d6a99baee23b654f9e4bb672ae0b438) Importer(815301076,1909f56bfc062723c751e8b465ee728b)
Start importing Assets/Store Assets/Fantasy Wooden GUI  Free/normal_ui_set A/IRONY TITLE  empty.png using Guid(4d6a99baee23b654f9e4bb672ae0b438) Importer(815301076,1909f56bfc062723c751e8b465ee728b)  -> (artifact id: '868cf31e24560ce628c02de1fa445186') in 0.019169 seconds 
========================================================================
Received Import Request.
  Time since last request: 0.000396 seconds.
  path: Assets/Store Assets/STS_FreeMedievalHouse/Materials/HouseFloor2Wood-normal.png
  artifactKey: Guid(f68136c0ca21e554799ddc48b87da01c) Importer(815301076,1909f56bfc062723c751e8b465ee728b)
Start importing Assets/Store Assets/STS_FreeMedievalHouse/Materials/HouseFloor2Wood-normal.png using Guid(f68136c0ca21e554799ddc48b87da01c) Importer(815301076,1909f56bfc062723c751e8b465ee728b)  -> (artifact id: 'e9e59f3f729e955b4dd52e1c4d601039') in 0.012805 seconds 
========================================================================
Received Import Request.
  Time since last request: 0.000331 seconds.
  path: Assets/Models/EnnemiBrute/Textures/MaleBruteA_Body_diffuse.png
  artifactKey: Guid(fcc27c17777a7ed4c8399691a9475430) Importer(815301076,1909f56bfc062723c751e8b465ee728b)
Start importing Assets/Models/EnnemiBrute/Textures/MaleBruteA_Body_diffuse.png using Guid(fcc27c17777a7ed4c8399691a9475430) Importer(815301076,1909f56bfc062723c751e8b465ee728b)  -> (artifact id: 'c1f99d7e24691d8310c148c9e2a735a7') in 0.020159 seconds 
========================================================================
Received Import Request.
  Time since last request: 0.000291 seconds.
  path: Assets/Store Assets/STS_FreeMedievalHouse/Materials/HouseTriangleWood-albedo.png
  artifactKey: Guid(42548952dfeef0a4bbae239d984251be) Importer(815301076,1909f56bfc062723c751e8b465ee728b)
Start importing Assets/Store Assets/STS_FreeMedievalHouse/Materials/HouseTriangleWood-albedo.png using Guid(42548952dfeef0a4bbae239d984251be) Importer(815301076,1909f56bfc062723c751e8b465ee728b)  -> (artifact id: '0ed0d79e5caf23a15d16f7a921de1385') in 0.015860 seconds 
========================================================================
Received Import Request.
  Time since last request: 0.000304 seconds.
  path: Assets/Store Assets/Fantasy Wooden GUI  Free/normal_ui_set A/Exclamation_Gray.png
  artifactKey: Guid(f73f68fe6815f5548a6c2a61b9e49add) Importer(815301076,1909f56bfc062723c751e8b465ee728b)
Start importing Assets/Store Assets/Fantasy Wooden GUI  Free/normal_ui_set A/Exclamation_Gray.png using Guid(f73f68fe6815f5548a6c2a61b9e49add) Importer(815301076,1909f56bfc062723c751e8b465ee728b)  -> (artifact id: 'fc02a3bf75de85fd0b4334893fc79534') in 0.017195 seconds 
========================================================================
Received Import Request.
  Time since last request: 0.000449 seconds.
  path: Assets/Models/EnnemiBrute/Textures/MaleBruteA_Bottom_specular.png
  artifactKey: Guid(3b4dbe678dfa6da4d973ec1c1d017542) Importer(815301076,1909f56bfc062723c751e8b465ee728b)
Start importing Assets/Models/EnnemiBrute/Textures/MaleBruteA_Bottom_specular.png using Guid(3b4dbe678dfa6da4d973ec1c1d017542) Importer(815301076,1909f56bfc062723c751e8b465ee728b)  -> (artifact id: '6c1fd1db777a28e1cab6f3e419b71e5a') in 0.016854 seconds 
========================================================================
Received Import Request.
  Time since last request: 0.000376 seconds.
  path: Assets/Models/EnnemiBrute/Textures/MaleBruteA_Shoes_diffuse.png
  artifactKey: Guid(49a363a9d76d6604998f3ef6739c5cd8) Importer(815301076,1909f56bfc062723c751e8b465ee728b)
Start importing Assets/Models/EnnemiBrute/Textures/MaleBruteA_Shoes_diffuse.png using Guid(49a363a9d76d6604998f3ef6739c5cd8) Importer(815301076,1909f56bfc062723c751e8b465ee728b)  -> (artifact id: 'b2c3134a8acb0d4afde89439592f3f1e') in 0.018584 seconds 
========================================================================
Received Import Request.
  Time since last request: 0.000392 seconds.
  path: Assets/Store Assets/StylizedGrass/Textures/Noise.tga
  artifactKey: Guid(e6b7acfca47e5344e87c9f81f984bbae) Importer(815301076,1909f56bfc062723c751e8b465ee728b)
Start importing Assets/Store Assets/StylizedGrass/Textures/Noise.tga using Guid(e6b7acfca47e5344e87c9f81f984bbae) Importer(815301076,1909f56bfc062723c751e8b465ee728b)  -> (artifact id: '02cbc576246fa206c37919b25d6d52db') in 0.020511 seconds 
========================================================================
Received Import Request.
  Time since last request: 0.000346 seconds.
  path: Assets/Models/EnnemiBrute/Textures/MaleBruteA_Shoes_normal.png
  artifactKey: Guid(9cb8c69ac28bc5f41854b4d62ba27909) Importer(815301076,1909f56bfc062723c751e8b465ee728b)
Start importing Assets/Models/EnnemiBrute/Textures/MaleBruteA_Shoes_normal.png using Guid(9cb8c69ac28bc5f41854b4d62ba27909) Importer(815301076,1909f56bfc062723c751e8b465ee728b)  -> (artifact id: '79c00590658e1edfa84f9d2a7f8a0780') in 0.015092 seconds 
========================================================================
Received Import Request.
  Time since last request: 0.000360 seconds.
  path: Assets/Models/EnnemiPaladin/Textures/Paladin_diffuse.png
  artifactKey: Guid(2848f43374f1eeb469d770a324cdca53) Importer(815301076,1909f56bfc062723c751e8b465ee728b)
Start importing Assets/Models/EnnemiPaladin/Textures/Paladin_diffuse.png using Guid(2848f43374f1eeb469d770a324cdca53) Importer(815301076,1909f56bfc062723c751e8b465ee728b)  -> (artifact id: '2e21f67bf6fe211d4d902720f8d51afc') in 0.019660 seconds 
========================================================================
Received Import Request.
  Time since last request: 0.000365 seconds.
  path: Assets/Models/Boss/Textures/Mutant_normal.png
  artifactKey: Guid(b26205ac696ba0c4599524c01a34757b) Importer(815301076,1909f56bfc062723c751e8b465ee728b)
Start importing Assets/Models/Boss/Textures/Mutant_normal.png using Guid(b26205ac696ba0c4599524c01a34757b) Importer(815301076,1909f56bfc062723c751e8b465ee728b)  -> (artifact id: '16f90708302601bd1e356780371f212e') in 0.025839 seconds 
========================================================================
Received Import Request.
  Time since last request: 0.000289 seconds.
  path: Assets/Models/Boss/Textures/Mutant_diffuse.png
  artifactKey: Guid(dcdaea7759910634d96b5f31235b0d7d) Importer(815301076,1909f56bfc062723c751e8b465ee728b)
Start importing Assets/Models/Boss/Textures/Mutant_diffuse.png using Guid(dcdaea7759910634d96b5f31235b0d7d) Importer(815301076,1909f56bfc062723c751e8b465ee728b)  -> (artifact id: '3939a49f5265ef913f151300920abb15') in 0.018172 seconds 
========================================================================
Received Import Request.
  Time since last request: 0.000383 seconds.
  path: Assets/Models/EnnemiBrute/Textures/MaleBruteA_Hair_normal.png
  artifactKey: Guid(b597637b7765ac546a1ca58f5ea9bdc8) Importer(815301076,1909f56bfc062723c751e8b465ee728b)
Start importing Assets/Models/EnnemiBrute/Textures/MaleBruteA_Hair_normal.png using Guid(b597637b7765ac546a1ca58f5ea9bdc8) Importer(815301076,1909f56bfc062723c751e8b465ee728b)  -> (artifact id: 'df2f3c1d24d755d9f8297db493a66284') in 0.015600 seconds 
========================================================================
Received Import Request.
  Time since last request: 0.000648 seconds.
  path: Assets/Store Assets/Fantasy Wooden GUI  Free/normal_ui_set A/notice.png
  artifactKey: Guid(86adaa715d8969e48975ca3343ddaedd) Importer(815301076,1909f56bfc062723c751e8b465ee728b)
Start importing Assets/Store Assets/Fantasy Wooden GUI  Free/normal_ui_set A/notice.png using Guid(86adaa715d8969e48975ca3343ddaedd) Importer(815301076,1909f56bfc062723c751e8b465ee728b)  -> (artifact id: 'f81973c801759784e18ae5fecd9526e5') in 0.017681 seconds 
========================================================================
Received Import Request.
  Time since last request: 0.000361 seconds.
  path: Assets/Models/EnnemiBrute/Textures/MaleBruteA_StdNM.png
  artifactKey: Guid(9de305b1f544582429105ecd55e3cbda) Importer(815301076,1909f56bfc062723c751e8b465ee728b)
Start importing Assets/Models/EnnemiBrute/Textures/MaleBruteA_StdNM.png using Guid(9de305b1f544582429105ecd55e3cbda) Importer(815301076,1909f56bfc062723c751e8b465ee728b)  -> (artifact id: '73da5a012bd25138ece0012b39ddaace') in 0.018188 seconds 
========================================================================
Received Import Request.
  Time since last request: 0.000260 seconds.
  path: Assets/Models/EnnemiBrute/Textures/MaleBruteA_Hair_specular.png
  artifactKey: Guid(cdf9c831ffbfd3742ab9c1ec99bb983d) Importer(815301076,1909f56bfc062723c751e8b465ee728b)
Start importing Assets/Models/EnnemiBrute/Textures/MaleBruteA_Hair_specular.png using Guid(cdf9c831ffbfd3742ab9c1ec99bb983d) Importer(815301076,1909f56bfc062723c751e8b465ee728b)  -> (artifact id: '898f59919b072522a4a5f812ed31df90') in 0.016891 seconds 
========================================================================
Received Import Request.
  Time since last request: 0.000272 seconds.
  path: Assets/Models/EnnemiPaladin/Textures/Paladin_normal.png
  artifactKey: Guid(fd4ab9bda2472a2429ddf5e63ebda556) Importer(815301076,1909f56bfc062723c751e8b465ee728b)
Start importing Assets/Models/EnnemiPaladin/Textures/Paladin_normal.png using Guid(fd4ab9bda2472a2429ddf5e63ebda556) Importer(815301076,1909f56bfc062723c751e8b465ee728b)  -> (artifact id: '56d7cc59374b00fffc3522aa348dc3a3') in 0.020472 seconds 
========================================================================
Received Import Request.
  Time since last request: 0.000366 seconds.
  path: Assets/Models/EnnemiBrute/Textures/MaleBruteA_Moustache_specular.png
  artifactKey: Guid(471cea041f36f0048bdc0161bc30668e) Importer(815301076,1909f56bfc062723c751e8b465ee728b)
Start importing Assets/Models/EnnemiBrute/Textures/MaleBruteA_Moustache_specular.png using Guid(471cea041f36f0048bdc0161bc30668e) Importer(815301076,1909f56bfc062723c751e8b465ee728b)  -> (artifact id: '772ce0118a07a8abd090c4515f5259dc') in 0.015682 seconds 
========================================================================
Received Import Request.
  Time since last request: 0.000258 seconds.
  path: Assets/Store Assets/STS_FreeMedievalHouse/Materials/HouseRoofTiles-albedo.png
  artifactKey: Guid(bb67fc69b53999740917b87143f4ce47) Importer(815301076,1909f56bfc062723c751e8b465ee728b)
Start importing Assets/Store Assets/STS_FreeMedievalHouse/Materials/HouseRoofTiles-albedo.png using Guid(bb67fc69b53999740917b87143f4ce47) Importer(815301076,1909f56bfc062723c751e8b465ee728b)  -> (artifact id: '80042bd222c4c0625547b89e0eed7a9d') in 0.020192 seconds 
========================================================================
Received Import Request.
  Time since last request: 0.000335 seconds.
  path: Assets/Models/EnnemiBrute/Textures/MaleBruteA_Shoes_specular.png
  artifactKey: Guid(e09241a1ef820fa439f981c0b3429191) Importer(815301076,1909f56bfc062723c751e8b465ee728b)
Start importing Assets/Models/EnnemiBrute/Textures/MaleBruteA_Shoes_specular.png using Guid(e09241a1ef820fa439f981c0b3429191) Importer(815301076,1909f56bfc062723c751e8b465ee728b)  -> (artifact id: '1068331cbe66a4537351532b7835c7eb') in 0.013338 seconds 
========================================================================
Received Import Request.
  Time since last request: 0.000431 seconds.
  path: Assets/Store Assets/STS_FreeMedievalHouse/Materials/HouseRoofTiles-normal.png
  artifactKey: Guid(716d82242f2e04b4b9dfdca00d291c25) Importer(815301076,1909f56bfc062723c751e8b465ee728b)
Start importing Assets/Store Assets/STS_FreeMedievalHouse/Materials/HouseRoofTiles-normal.png using Guid(716d82242f2e04b4b9dfdca00d291c25) Importer(815301076,1909f56bfc062723c751e8b465ee728b)  -> (artifact id: 'e7e48ea4a36c3751338a9dfcbb1285a2') in 0.018018 seconds 
========================================================================
Received Import Request.
  Time since last request: 0.000280 seconds.
  path: Assets/Models/EnnemiPaladin/Textures/Paladin_specular.png
  artifactKey: Guid(3d2c755f05181f14c8071433ccf49692) Importer(815301076,1909f56bfc062723c751e8b465ee728b)
Start importing Assets/Models/EnnemiPaladin/Textures/Paladin_specular.png using Guid(3d2c755f05181f14c8071433ccf49692) Importer(815301076,1909f56bfc062723c751e8b465ee728b)  -> (artifact id: '7e0fea9d01f86a62b96ac3be65abaa7a') in 0.017533 seconds 
========================================================================
Received Import Request.
  Time since last request: 0.000315 seconds.
  path: Assets/Store Assets/Heavy_Full_Metal_Sword/Materials/T_HFMS_Emission.png
  artifactKey: Guid(55894de8789c73345bfce15584676abc) Importer(815301076,1909f56bfc062723c751e8b465ee728b)
Start importing Assets/Store Assets/Heavy_Full_Metal_Sword/Materials/T_HFMS_Emission.png using Guid(55894de8789c73345bfce15584676abc) Importer(815301076,1909f56bfc062723c751e8b465ee728b)  -> (artifact id: '56a6c2912f201c1cf3628ebc19e8bc80') in 0.024471 seconds 
========================================================================
Received Import Request.
  Time since last request: 0.000615 seconds.
  path: Assets/Store Assets/Heavy_Full_Metal_Sword/Materials/Specular setup Materials/T_HFMS_AlbedoTransparency_Ss.png
  artifactKey: Guid(df50b092fe065b6498372ae8f76ea4f0) Importer(815301076,1909f56bfc062723c751e8b465ee728b)
Start importing Assets/Store Assets/Heavy_Full_Metal_Sword/Materials/Specular setup Materials/T_HFMS_AlbedoTransparency_Ss.png using Guid(df50b092fe065b6498372ae8f76ea4f0) Importer(815301076,1909f56bfc062723c751e8b465ee728b)  -> (artifact id: '865e9edef8640371f929e8e51442058f') in 0.048713 seconds 
========================================================================
Received Import Request.
  Time since last request: 0.000240 seconds.
  path: Assets/Store Assets/Heavy_Full_Metal_Sword/Materials/T_HFMS_MetallicSmoothness.png
  artifactKey: Guid(d9b5029b8ba121e48ae24fe8f7d64365) Importer(815301076,1909f56bfc062723c751e8b465ee728b)
Start importing Assets/Store Assets/Heavy_Full_Metal_Sword/Materials/T_HFMS_MetallicSmoothness.png using Guid(d9b5029b8ba121e48ae24fe8f7d64365) Importer(815301076,1909f56bfc062723c751e8b465ee728b)  -> (artifact id: '4b90b663dcd0abc16381b1b9c556418d') in 0.046318 seconds 
========================================================================
Received Import Request.
  Time since last request: 0.000320 seconds.
  path: Assets/Store Assets/Fantasy Wooden GUI  Free/normal_ui_set A/TextBTN_Big.png
  artifactKey: Guid(2be7b70e984b51444aca9c12ae4723a7) Importer(815301076,1909f56bfc062723c751e8b465ee728b)
Start importing Assets/Store Assets/Fantasy Wooden GUI  Free/normal_ui_set A/TextBTN_Big.png using Guid(2be7b70e984b51444aca9c12ae4723a7) Importer(815301076,1909f56bfc062723c751e8b465ee728b)  -> (artifact id: '1431fe8c65024688c1d33cbc4370b20f') in 0.016750 seconds 
========================================================================
Received Import Request.
  Time since last request: 0.000616 seconds.
  path: Assets/Store Assets/Fantasy Wooden GUI  Free/normal_ui_set A/TextBTN_Cancel_Pressed.png
  artifactKey: Guid(9494e936ef153d148aaddfa6db5fb773) Importer(815301076,1909f56bfc062723c751e8b465ee728b)
Start importing Assets/Store Assets/Fantasy Wooden GUI  Free/normal_ui_set A/TextBTN_Cancel_Pressed.png using Guid(9494e936ef153d148aaddfa6db5fb773) Importer(815301076,1909f56bfc062723c751e8b465ee728b)  -> (artifact id: 'd6460a23fd68dbcd738d197e7e47a614') in 0.017627 seconds 
========================================================================
Received Import Request.
  Time since last request: 0.000439 seconds.
  path: Assets/Images/Imgs_Carte/Temporary images/TrunksFutureFriezaSliced.png
  artifactKey: Guid(3419c0eb5bb1b48fd88616070a8d6783) Importer(815301076,1909f56bfc062723c751e8b465ee728b)
Start importing Assets/Images/Imgs_Carte/Temporary images/TrunksFutureFriezaSliced.png using Guid(3419c0eb5bb1b48fd88616070a8d6783) Importer(815301076,1909f56bfc062723c751e8b465ee728b)  -> (artifact id: 'eaf3b7455a835ca9eb815399f3573c70') in 0.020643 seconds 
========================================================================
Received Import Request.
  Time since last request: 0.000282 seconds.
  path: Assets/Store Assets/Fantasy Wooden GUI  Free/normal_ui_set A/UI board Small  stone.png
  artifactKey: Guid(8dd861a6e819de241bca68a36048a6bd) Importer(815301076,1909f56bfc062723c751e8b465ee728b)
Start importing Assets/Store Assets/Fantasy Wooden GUI  Free/normal_ui_set A/UI board Small  stone.png using Guid(8dd861a6e819de241bca68a36048a6bd) Importer(815301076,1909f56bfc062723c751e8b465ee728b)  -> (artifact id: '15c0421b5e5df5f5452f3ad78d1e9f3e') in 0.023717 seconds 
========================================================================
Received Import Request.
  Time since last request: 0.000267 seconds.
  path: Assets/Store Assets/Homeless/UI Assets/Ability_Skill_Icons/UI_Skill_Icon_Blackhole.png
  artifactKey: Guid(eed44235dcbd621438f7c0c4f05e2356) Importer(815301076,1909f56bfc062723c751e8b465ee728b)
Start importing Assets/Store Assets/Homeless/UI Assets/Ability_Skill_Icons/UI_Skill_Icon_Blackhole.png using Guid(eed44235dcbd621438f7c0c4f05e2356) Importer(815301076,1909f56bfc062723c751e8b465ee728b)  -> (artifact id: '6ba091ddc7f418051d503389036af6b7') in 0.022198 seconds 
========================================================================
Received Import Request.
  Time since last request: 0.000322 seconds.
  path: Assets/Store Assets/Homeless/UI Assets/Ability_Skill_Icons/UI_Skill_Icon_Punches.png
  artifactKey: Guid(eecb85004343b0e4d8b78fd7f9877b32) Importer(815301076,1909f56bfc062723c751e8b465ee728b)
Start importing Assets/Store Assets/Homeless/UI Assets/Ability_Skill_Icons/UI_Skill_Icon_Punches.png using Guid(eecb85004343b0e4d8b78fd7f9877b32) Importer(815301076,1909f56bfc062723c751e8b465ee728b)  -> (artifact id: 'd71dca8e4ae748eb3c8522fbfece1389') in 0.020144 seconds 
========================================================================
Received Import Request.
  Time since last request: 0.000423 seconds.
  path: Assets/Store Assets/Fantasy Wooden GUI  Free/normal_ui_set A/UI board Medium Set.png
  artifactKey: Guid(1a5d8785d80a4ee42a2a4c8632436dc0) Importer(815301076,1909f56bfc062723c751e8b465ee728b)
Start importing Assets/Store Assets/Fantasy Wooden GUI  Free/normal_ui_set A/UI board Medium Set.png using Guid(1a5d8785d80a4ee42a2a4c8632436dc0) Importer(815301076,1909f56bfc062723c751e8b465ee728b)  -> (artifact id: 'a965d290c82471d858c3e234f8a62bad') in 0.019185 seconds 
========================================================================
Received Import Request.
  Time since last request: 0.000275 seconds.
  path: Assets/Store Assets/Homeless/UI Assets/Ability_Skill_Icons/UI_Skill_Icon_Recon.png
  artifactKey: Guid(37de44bcb59b8174497def1957cc490b) Importer(815301076,1909f56bfc062723c751e8b465ee728b)
Start importing Assets/Store Assets/Homeless/UI Assets/Ability_Skill_Icons/UI_Skill_Icon_Recon.png using Guid(37de44bcb59b8174497def1957cc490b) Importer(815301076,1909f56bfc062723c751e8b465ee728b)  -> (artifact id: '62536377e66182e4d356b758c54286aa') in 0.018842 seconds 
========================================================================
Received Import Request.
  Time since last request: 0.000227 seconds.
  path: Assets/Store Assets/Homeless/UI Assets/Ability_Skill_Icons/UI_Skill_Icon_Pound.png
  artifactKey: Guid(61dab0b6e506c6a43b12d9fde15b2393) Importer(815301076,1909f56bfc062723c751e8b465ee728b)
Start importing Assets/Store Assets/Homeless/UI Assets/Ability_Skill_Icons/UI_Skill_Icon_Pound.png using Guid(61dab0b6e506c6a43b12d9fde15b2393) Importer(815301076,1909f56bfc062723c751e8b465ee728b)  -> (artifact id: 'eb2598e37f4e7979cc705487c527a5ff') in 0.024147 seconds 
========================================================================
Received Import Request.
  Time since last request: 0.000234 seconds.
  path: Assets/Store Assets/Heavy_Full_Metal_Sword/Materials/Specular setup Materials/T_HFMS_SpecularSmoothness_Ss.png
  artifactKey: Guid(06c333f89e1a49146bb8ad2830ef31df) Importer(815301076,1909f56bfc062723c751e8b465ee728b)
Start importing Assets/Store Assets/Heavy_Full_Metal_Sword/Materials/Specular setup Materials/T_HFMS_SpecularSmoothness_Ss.png using Guid(06c333f89e1a49146bb8ad2830ef31df) Importer(815301076,1909f56bfc062723c751e8b465ee728b)  -> (artifact id: '5c9635d9f71115a9effce86ff7e9834d') in 0.036816 seconds 
========================================================================
Received Import Request.
  Time since last request: 0.000462 seconds.
  path: Assets/Store Assets/Fantasy Wooden GUI  Free/normal_ui_set A/TextBTN_Medium_Pressed.png
  artifactKey: Guid(047b929beb10565479851d39b452dfb6) Importer(815301076,1909f56bfc062723c751e8b465ee728b)
Start importing Assets/Store Assets/Fantasy Wooden GUI  Free/normal_ui_set A/TextBTN_Medium_Pressed.png using Guid(047b929beb10565479851d39b452dfb6) Importer(815301076,1909f56bfc062723c751e8b465ee728b)  -> (artifact id: '38dc33f3c4c5d3e5e3e0425263e3f117') in 0.017422 seconds 
========================================================================
Received Import Request.
  Time since last request: 0.000287 seconds.
  path: Assets/Store Assets/Fantasy Wooden GUI  Free/normal_ui_set A/TextBTN_New-Start.png
  artifactKey: Guid(ca45d178d188e034aa96a68aceeef41b) Importer(815301076,1909f56bfc062723c751e8b465ee728b)
Start importing Assets/Store Assets/Fantasy Wooden GUI  Free/normal_ui_set A/TextBTN_New-Start.png using Guid(ca45d178d188e034aa96a68aceeef41b) Importer(815301076,1909f56bfc062723c751e8b465ee728b)  -> (artifact id: 'e2240ef549655affff0f3abfd99c456d') in 0.018695 seconds 
========================================================================
Received Import Request.
  Time since last request: 0.000248 seconds.
  path: Assets/Store Assets/Homeless/UI Assets/Ability_Skill_Icons/UI_Skill_Icon_Claw.png
  artifactKey: Guid(0389074d1deba1c448d45812db40c0df) Importer(815301076,1909f56bfc062723c751e8b465ee728b)
Start importing Assets/Store Assets/Homeless/UI Assets/Ability_Skill_Icons/UI_Skill_Icon_Claw.png using Guid(0389074d1deba1c448d45812db40c0df) Importer(815301076,1909f56bfc062723c751e8b465ee728b)  -> (artifact id: '0924803183ceb01ef584359200a40e75') in 0.022083 seconds 
========================================================================
Received Import Request.
  Time since last request: 0.000299 seconds.
  path: Assets/Store Assets/Homeless/UI Assets/Ability_Skill_Icons/UI_Skill_Icon_Slash.png
  artifactKey: Guid(2a5c892bdd014164da633b8c6fd0f246) Importer(815301076,1909f56bfc062723c751e8b465ee728b)
Start importing Assets/Store Assets/Homeless/UI Assets/Ability_Skill_Icons/UI_Skill_Icon_Slash.png using Guid(2a5c892bdd014164da633b8c6fd0f246) Importer(815301076,1909f56bfc062723c751e8b465ee728b)  -> (artifact id: '41c54f1e0143229eb13986df950ae8f3') in 0.019480 seconds 
========================================================================
Received Import Request.
  Time since last request: 0.000228 seconds.
  path: Assets/Store Assets/LowlyPoly/Free Stylized Textures/Textures/Vol_42_1_Vegetation_Ambient_Occlusion.png
  artifactKey: Guid(50ddeaf8336ed2d49bb19d723717db8b) Importer(815301076,1909f56bfc062723c751e8b465ee728b)
Start importing Assets/Store Assets/LowlyPoly/Free Stylized Textures/Textures/Vol_42_1_Vegetation_Ambient_Occlusion.png using Guid(50ddeaf8336ed2d49bb19d723717db8b) Importer(815301076,1909f56bfc062723c751e8b465ee728b)  -> (artifact id: 'cfd0dd1430df4a3408a4abd84138115a') in 0.018173 seconds 
========================================================================
Received Import Request.
  Time since last request: 0.000362 seconds.
  path: Assets/Store Assets/Homeless/UI Assets/Ability_Skill_Icons/UI_Skill_Icon_Reflect.png
  artifactKey: Guid(f6b8b85cbdc82ce439a41ae3d56d57ee) Importer(815301076,1909f56bfc062723c751e8b465ee728b)
Start importing Assets/Store Assets/Homeless/UI Assets/Ability_Skill_Icons/UI_Skill_Icon_Reflect.png using Guid(f6b8b85cbdc82ce439a41ae3d56d57ee) Importer(815301076,1909f56bfc062723c751e8b465ee728b)  -> (artifact id: 'd7cb5ee8f44219be6ead41fd10128838') in 0.018250 seconds 
========================================================================
Received Import Request.
  Time since last request: 0.000321 seconds.
  path: Assets/Store Assets/Fantasy Wooden GUI  Free/normal_ui_set A/TextBTN_Big_Pressed.png
  artifactKey: Guid(d6a1673a31851fd4395c287261da36e4) Importer(815301076,1909f56bfc062723c751e8b465ee728b)
Start importing Assets/Store Assets/Fantasy Wooden GUI  Free/normal_ui_set A/TextBTN_Big_Pressed.png using Guid(d6a1673a31851fd4395c287261da36e4) Importer(815301076,1909f56bfc062723c751e8b465ee728b)  -> (artifact id: '62a7341c244cc4c1d9488d30b8d87220') in 0.019676 seconds 
========================================================================
Received Import Request.
  Time since last request: 0.000331 seconds.
  path: Assets/Scenes/Accueil/Lightmap-1_comp_dir.png
  artifactKey: Guid(4ec78d84c3b4d9244a7146eaa4341c4f) Importer(815301076,1909f56bfc062723c751e8b465ee728b)
Start importing Assets/Scenes/Accueil/Lightmap-1_comp_dir.png using Guid(4ec78d84c3b4d9244a7146eaa4341c4f) Importer(815301076,1909f56bfc062723c751e8b465ee728b)  -> (artifact id: 'c47a1d68f77a58ad86c41dd7d87af6b4') in 0.016136 seconds 
========================================================================
Received Import Request.
  Time since last request: 0.000312 seconds.
  path: Assets/Models/EnnemiBrute/Textures/MaleBruteA_Bottom_normal.png
  artifactKey: Guid(df8584b1fe1ef3340ab5def3b869dc70) Importer(815301076,1909f56bfc062723c751e8b465ee728b)
Start importing Assets/Models/EnnemiBrute/Textures/MaleBruteA_Bottom_normal.png using Guid(df8584b1fe1ef3340ab5def3b869dc70) Importer(815301076,1909f56bfc062723c751e8b465ee728b)  -> (artifact id: '999d893f5c4d1b9f57648dde8ddfc0ed') in 0.016650 seconds 
========================================================================
Received Import Request.
  Time since last request: 0.000334 seconds.
  path: Assets/Scenes/Accueil/Lightmap-1_comp_light.exr
  artifactKey: Guid(0bc7fed5c978f7d458fd36c9397068a9) Importer(815301076,1909f56bfc062723c751e8b465ee728b)
Start importing Assets/Scenes/Accueil/Lightmap-1_comp_light.exr using Guid(0bc7fed5c978f7d458fd36c9397068a9) Importer(815301076,1909f56bfc062723c751e8b465ee728b)  -> (artifact id: 'cf3fec3113d29617d177c1412618f6eb') in 0.017618 seconds 
========================================================================
Received Import Request.
  Time since last request: 0.000287 seconds.
  path: Assets/Store Assets/Heavy_Full_Metal_Sword/Materials/T_HFMS_AlbedoTransparency.png
  artifactKey: Guid(2756c1fa163ff004cb230e89b757f874) Importer(815301076,1909f56bfc062723c751e8b465ee728b)
Start importing Assets/Store Assets/Heavy_Full_Metal_Sword/Materials/T_HFMS_AlbedoTransparency.png using Guid(2756c1fa163ff004cb230e89b757f874) Importer(815301076,1909f56bfc062723c751e8b465ee728b)  -> (artifact id: 'c7e0eed15b5fff3e287e4947fafc9b0a') in 0.044913 seconds 
========================================================================
Received Import Request.
  Time since last request: 0.000327 seconds.
  path: Assets/Store Assets/Heavy_Full_Metal_Sword/Materials/T_HFMS_Normal.png
  artifactKey: Guid(48b75452245f39a4588cf561aafd80db) Importer(815301076,1909f56bfc062723c751e8b465ee728b)
Start importing Assets/Store Assets/Heavy_Full_Metal_Sword/Materials/T_HFMS_Normal.png using Guid(48b75452245f39a4588cf561aafd80db) Importer(815301076,1909f56bfc062723c751e8b465ee728b)  -> (artifact id: 'fc08aada8b74f299735d33b86f6ed4b6') in 0.042095 seconds 
========================================================================
Received Import Request.
  Time since last request: 0.000316 seconds.
  path: Assets/Store Assets/ElementalMeters/Masks/MetallicYellowMask.png
  artifactKey: Guid(a44c9981b4ad06f4da369cd25a7e0147) Importer(815301076,1909f56bfc062723c751e8b465ee728b)
Start importing Assets/Store Assets/ElementalMeters/Masks/MetallicYellowMask.png using Guid(a44c9981b4ad06f4da369cd25a7e0147) Importer(815301076,1909f56bfc062723c751e8b465ee728b)  -> (artifact id: 'e8428bbc2d196e7f959f318548d79dd8') in 0.018573 seconds 
========================================================================
Received Import Request.
  Time since last request: 0.000317 seconds.
  path: Assets/Store Assets/Homeless/UI Assets/Ability_Skill_Icons/UI_Skill_Icon_Buff.png
  artifactKey: Guid(a2563f2b8dbc4044b9a50537d3a29962) Importer(815301076,1909f56bfc062723c751e8b465ee728b)
Start importing Assets/Store Assets/Homeless/UI Assets/Ability_Skill_Icons/UI_Skill_Icon_Buff.png using Guid(a2563f2b8dbc4044b9a50537d3a29962) Importer(815301076,1909f56bfc062723c751e8b465ee728b)  -> (artifact id: '1df8bea12aec295cbb39485a70ae3c48') in 0.019411 seconds 
========================================================================
Received Import Request.
  Time since last request: 0.000370 seconds.
  path: Assets/Store Assets/Fantasy Wooden GUI  Free/normal_ui_set A/IRONY TITLE  Large.png
  artifactKey: Guid(054411784c3fdf74d9db120b4a792a71) Importer(815301076,1909f56bfc062723c751e8b465ee728b)
Start importing Assets/Store Assets/Fantasy Wooden GUI  Free/normal_ui_set A/IRONY TITLE  Large.png using Guid(054411784c3fdf74d9db120b4a792a71) Importer(815301076,1909f56bfc062723c751e8b465ee728b)  -> (artifact id: '4d8b8d82fc9766a92496edc3dc279225') in 0.016072 seconds 
========================================================================
Received Import Request.
  Time since last request: 0.000201 seconds.
  path: Assets/Store Assets/Fantasy Wooden GUI  Free/normal_ui_set A/TextBTN_New-Start_Pressed.png
  artifactKey: Guid(2e5f47e2f71128f4282c0a4a67288751) Importer(815301076,1909f56bfc062723c751e8b465ee728b)
Start importing Assets/Store Assets/Fantasy Wooden GUI  Free/normal_ui_set A/TextBTN_New-Start_Pressed.png using Guid(2e5f47e2f71128f4282c0a4a67288751) Importer(815301076,1909f56bfc062723c751e8b465ee728b)  -> (artifact id: '859b714a608383eaee8276f74866a3c9') in 0.021948 seconds 
========================================================================
Received Import Request.
  Time since last request: 0.000208 seconds.
  path: Assets/Models/EnnemiBrute/Textures/MaleBruteA_Hair_diffuse.png
  artifactKey: Guid(a63f735dec92bcb41b46f1dd0e2bbe33) Importer(815301076,1909f56bfc062723c751e8b465ee728b)
Start importing Assets/Models/EnnemiBrute/Textures/MaleBruteA_Hair_diffuse.png using Guid(a63f735dec92bcb41b46f1dd0e2bbe33) Importer(815301076,1909f56bfc062723c751e8b465ee728b)  -> (artifact id: 'a0f10058a490ca731e20b797e7eb478f') in 0.016493 seconds 
========================================================================
Received Import Request.
  Time since last request: 0.000290 seconds.
  path: Assets/Store Assets/Fantasy Wooden GUI  Free/normal_ui_set A/TextBTN_Medium.png
  artifactKey: Guid(efee20b64d1e73942a29ba61ce3379c3) Importer(815301076,1909f56bfc062723c751e8b465ee728b)
Start importing Assets/Store Assets/Fantasy Wooden GUI  Free/normal_ui_set A/TextBTN_Medium.png using Guid(efee20b64d1e73942a29ba61ce3379c3) Importer(815301076,1909f56bfc062723c751e8b465ee728b)  -> (artifact id: '63ee7158eda7ab46e77105e6bc08e244') in 0.018438 seconds 
========================================================================
Received Import Request.
  Time since last request: 0.000351 seconds.
  path: Assets/Store Assets/LowlyPoly/Free Stylized Textures/Textures/Vol_23_1_Rocks_Roughness.png
  artifactKey: Guid(1288cf61212e10c4391b6a2f9a85739f) Importer(815301076,1909f56bfc062723c751e8b465ee728b)
Start importing Assets/Store Assets/LowlyPoly/Free Stylized Textures/Textures/Vol_23_1_Rocks_Roughness.png using Guid(1288cf61212e10c4391b6a2f9a85739f) Importer(815301076,1909f56bfc062723c751e8b465ee728b)  -> (artifact id: 'ef23778b769226c1ab814ad34005a430') in 0.017330 seconds 
========================================================================
Received Import Request.
  Time since last request: 0.000411 seconds.
  path: Assets/Store Assets/LowlyPoly/Free Stylized Textures/Textures/Vol_42_1_Vegetation_Base_Color.png
  artifactKey: Guid(20e8f0574dfbc8f4e9ea37a90e90345f) Importer(815301076,1909f56bfc062723c751e8b465ee728b)
Start importing Assets/Store Assets/LowlyPoly/Free Stylized Textures/Textures/Vol_42_1_Vegetation_Base_Color.png using Guid(20e8f0574dfbc8f4e9ea37a90e90345f) Importer(815301076,1909f56bfc062723c751e8b465ee728b)  -> (artifact id: '25e1657a5f7a58882881f64fea7ff017') in 0.018282 seconds 
========================================================================
Received Import Request.
  Time since last request: 0.000194 seconds.
  path: Assets/Store Assets/LowlyPoly/Free Stylized Textures/Textures/Vol_23_1_Rocks_Normal.png
  artifactKey: Guid(89afee2ff7c99f14fb6b93db354adbc5) Importer(815301076,1909f56bfc062723c751e8b465ee728b)
Start importing Assets/Store Assets/LowlyPoly/Free Stylized Textures/Textures/Vol_23_1_Rocks_Normal.png using Guid(89afee2ff7c99f14fb6b93db354adbc5) Importer(815301076,1909f56bfc062723c751e8b465ee728b)  -> (artifact id: '6d86734463dfddd92a60158c1cdc48fd') in 0.024404 seconds 
========================================================================
Received Import Request.
  Time since last request: 0.000325 seconds.
  path: Assets/Store Assets/Homeless/UI Assets/Ability_Skill_Icons/UI_Skill_Icon_Slide.png
  artifactKey: Guid(6960c6bd5088317429f7e0e033bee813) Importer(815301076,1909f56bfc062723c751e8b465ee728b)
Start importing Assets/Store Assets/Homeless/UI Assets/Ability_Skill_Icons/UI_Skill_Icon_Slide.png using Guid(6960c6bd5088317429f7e0e033bee813) Importer(815301076,1909f56bfc062723c751e8b465ee728b)  -> (artifact id: 'c67f80b5affa3a30d87d84715fcf92ad') in 0.021523 seconds 
========================================================================
Received Import Request.
  Time since last request: 0.000236 seconds.
  path: Assets/Store Assets/Homeless/UI Assets/Ability_Skill_Icons/UI_Skill_Icon_MeteorShower.png
  artifactKey: Guid(300abdf8cbdd5c742a05b6506767fd64) Importer(815301076,1909f56bfc062723c751e8b465ee728b)
Start importing Assets/Store Assets/Homeless/UI Assets/Ability_Skill_Icons/UI_Skill_Icon_MeteorShower.png using Guid(300abdf8cbdd5c742a05b6506767fd64) Importer(815301076,1909f56bfc062723c751e8b465ee728b)  -> (artifact id: 'cf4590dce0d974ad0f00bf0ced0cd7c0') in 0.023128 seconds 
========================================================================
Received Import Request.
  Time since last request: 0.000328 seconds.
  path: Assets/Store Assets/Homeless/UI Assets/Ability_Skill_Icons/UI_Skill_Icon_Dash.png
  artifactKey: Guid(c67fbf9375ad5c34399c2849430ca7f7) Importer(815301076,1909f56bfc062723c751e8b465ee728b)
Start importing Assets/Store Assets/Homeless/UI Assets/Ability_Skill_Icons/UI_Skill_Icon_Dash.png using Guid(c67fbf9375ad5c34399c2849430ca7f7) Importer(815301076,1909f56bfc062723c751e8b465ee728b)  -> (artifact id: '3b619681d7646ad088961c8004f9191c') in 0.019981 seconds 
========================================================================
Received Import Request.
  Time since last request: 0.000421 seconds.
  path: Assets/Store Assets/Homeless/UI Assets/Ability_Skill_Icons/UI_Skill_Icon_Heal.png
  artifactKey: Guid(bb67b03c2969d104caba950c446f8c8d) Importer(815301076,1909f56bfc062723c751e8b465ee728b)
Start importing Assets/Store Assets/Homeless/UI Assets/Ability_Skill_Icons/UI_Skill_Icon_Heal.png using Guid(bb67b03c2969d104caba950c446f8c8d) Importer(815301076,1909f56bfc062723c751e8b465ee728b)  -> (artifact id: 'ec89423d139c82895218acb954c83ac3') in 0.020077 seconds 
========================================================================
Received Import Request.
  Time since last request: 0.000321 seconds.
  path: Assets/Store Assets/Homeless/UI Assets/Ability_Skill_Icons/UI_Skill_Icon_Chop.png
  artifactKey: Guid(08c71e4e0565fe4469d1e0a593047156) Importer(815301076,1909f56bfc062723c751e8b465ee728b)
Start importing Assets/Store Assets/Homeless/UI Assets/Ability_Skill_Icons/UI_Skill_Icon_Chop.png using Guid(08c71e4e0565fe4469d1e0a593047156) Importer(815301076,1909f56bfc062723c751e8b465ee728b)  -> (artifact id: 'b6fe2cb8ef3f08680368a0b0b4127612') in 0.019764 seconds 
========================================================================
Received Import Request.
  Time since last request: 0.000374 seconds.
  path: Assets/Store Assets/Fantasy Wooden GUI  Free/normal_ui_set A/TextBTN_Cancel.png
  artifactKey: Guid(480144379cc9c7d47a8e19f58b0e6ee3) Importer(815301076,1909f56bfc062723c751e8b465ee728b)
Start importing Assets/Store Assets/Fantasy Wooden GUI  Free/normal_ui_set A/TextBTN_Cancel.png using Guid(480144379cc9c7d47a8e19f58b0e6ee3) Importer(815301076,1909f56bfc062723c751e8b465ee728b)  -> (artifact id: 'd428e7b17dbe3aa9d22f88fbdfb68560') in 0.017589 seconds 
========================================================================
Received Import Request.
  Time since last request: 0.000285 seconds.
  path: Assets/Store Assets/Fantasy Wooden GUI  Free/normal_ui_set A/UI board Medium  parchment.png
  artifactKey: Guid(cf1462bc694c3c249831ad8ac5293aa2) Importer(815301076,1909f56bfc062723c751e8b465ee728b)
Start importing Assets/Store Assets/Fantasy Wooden GUI  Free/normal_ui_set A/UI board Medium  parchment.png using Guid(cf1462bc694c3c249831ad8ac5293aa2) Importer(815301076,1909f56bfc062723c751e8b465ee728b)  -> (artifact id: '1df4e1aebe3dc19c428d1c269f74262e') in 0.027313 seconds 
========================================================================
Received Import Request.
  Time since last request: 0.000446 seconds.
  path: Assets/Store Assets/LowlyPoly/Free Stylized Textures/Textures/Vol_100_1_Pixel_Normal.png
  artifactKey: Guid(a4cb2fbfa486b4f4db6fb775ec163d53) Importer(815301076,1909f56bfc062723c751e8b465ee728b)
Start importing Assets/Store Assets/LowlyPoly/Free Stylized Textures/Textures/Vol_100_1_Pixel_Normal.png using Guid(a4cb2fbfa486b4f4db6fb775ec163d53) Importer(815301076,1909f56bfc062723c751e8b465ee728b)  -> (artifact id: '6471728e8602afa93aa452d02bfb925c') in 0.021624 seconds 
========================================================================
Received Import Request.
  Time since last request: 0.000307 seconds.
  path: Assets/Store Assets/LowlyPoly/Free Stylized Textures/Textures/Vol_100_1_Pixel_Height.png
  artifactKey: Guid(6f7454e7b204846479bf2e5c8869e7e9) Importer(815301076,1909f56bfc062723c751e8b465ee728b)
Start importing Assets/Store Assets/LowlyPoly/Free Stylized Textures/Textures/Vol_100_1_Pixel_Height.png using Guid(6f7454e7b204846479bf2e5c8869e7e9) Importer(815301076,1909f56bfc062723c751e8b465ee728b)  -> (artifact id: '6e148f50475978d5ed2bd92227d4aa90') in 0.020674 seconds 
========================================================================
Received Import Request.
  Time since last request: 0.000353 seconds.
  path: Assets/Scenes/Accueil/ReflectionProbe-0.exr
  artifactKey: Guid(4c57bf5923a5b4c4d8306fd72b15bf9e) Importer(815301076,1909f56bfc062723c751e8b465ee728b)
Start importing Assets/Scenes/Accueil/ReflectionProbe-0.exr using Guid(4c57bf5923a5b4c4d8306fd72b15bf9e) Importer(815301076,1909f56bfc062723c751e8b465ee728b)  -> (artifact id: '77b0aca69a138aa2d6174c6ed902789e') in 0.037644 seconds 
========================================================================
Received Import Request.
  Time since last request: 0.000548 seconds.
  path: Assets/Store Assets/Fantasy Wooden GUI  Free/normal_ui_set A/UI board Small  parchment.png
  artifactKey: Guid(a454050719005b444b59a84eaafba779) Importer(815301076,1909f56bfc062723c751e8b465ee728b)
Start importing Assets/Store Assets/Fantasy Wooden GUI  Free/normal_ui_set A/UI board Small  parchment.png using Guid(a454050719005b444b59a84eaafba779) Importer(815301076,1909f56bfc062723c751e8b465ee728b)  -> (artifact id: '1bac81088cc80ca2afa11c7fce106745') in 0.027793 seconds 
========================================================================
Received Import Request.
  Time since last request: 0.000231 seconds.
  path: Assets/Scenes/Accueil/Lightmap-0_comp_light.exr
  artifactKey: Guid(b3026a10a3e7f14469037dde5aa3dd07) Importer(815301076,1909f56bfc062723c751e8b465ee728b)
Start importing Assets/Scenes/Accueil/Lightmap-0_comp_light.exr using Guid(b3026a10a3e7f14469037dde5aa3dd07) Importer(815301076,1909f56bfc062723c751e8b465ee728b)  -> (artifact id: '2c6871a884e885fd64ba2b57ff60bbd4') in 0.014549 seconds 
========================================================================
Received Import Request.
  Time since last request: 0.003409 seconds.
  path: Assets/Store Assets/Fantasy Wooden GUI  Free/normal_ui_set A/Division line.png
  artifactKey: Guid(b7d245916891cca47a0144e12a82e086) Importer(815301076,1909f56bfc062723c751e8b465ee728b)
Start importing Assets/Store Assets/Fantasy Wooden GUI  Free/normal_ui_set A/Division line.png using Guid(b7d245916891cca47a0144e12a82e086) Importer(815301076,1909f56bfc062723c751e8b465ee728b)  -> (artifact id: 'f90c34a5ce770176c9b2590877c34431') in 0.019046 seconds 
========================================================================
Received Import Request.
  Time since last request: 0.004776 seconds.
  path: Assets/Store Assets/LowlyPoly/Free Stylized Textures/Textures/Vol_42_1_Vegetation_Normal.png
  artifactKey: Guid(d79522159a1f6344d8b1c6c2ba127444) Importer(815301076,1909f56bfc062723c751e8b465ee728b)
Start importing Assets/Store Assets/LowlyPoly/Free Stylized Textures/Textures/Vol_42_1_Vegetation_Normal.png using Guid(d79522159a1f6344d8b1c6c2ba127444) Importer(815301076,1909f56bfc062723c751e8b465ee728b)  -> (artifact id: 'f6de5997ef7ca1fcf562f62f27e63231') in 0.030552 seconds 
========================================================================
Received Import Request.
  Time since last request: 0.000791 seconds.
  path: Assets/Store Assets/LowlyPoly/Free Stylized Textures/Textures/Vol_42_1_Vegetation_Height.png
  artifactKey: Guid(7f7402220bc187a428c234a4611746f8) Importer(815301076,1909f56bfc062723c751e8b465ee728b)
Start importing Assets/Store Assets/LowlyPoly/Free Stylized Textures/Textures/Vol_42_1_Vegetation_Height.png using Guid(7f7402220bc187a428c234a4611746f8) Importer(815301076,1909f56bfc062723c751e8b465ee728b)  -> (artifact id: 'f5b14bea8586247f098482eadd910ab6') in 0.023852 seconds 
========================================================================
Received Import Request.
  Time since last request: 0.000258 seconds.
  path: Assets/Store Assets/Homeless/UI Assets/Ability_Skill_Icons/UI_Skill_Icon_PsycicAttack.png
  artifactKey: Guid(bbe833a9207e7fa41bbd3ce71ad09605) Importer(815301076,1909f56bfc062723c751e8b465ee728b)
Start importing Assets/Store Assets/Homeless/UI Assets/Ability_Skill_Icons/UI_Skill_Icon_PsycicAttack.png using Guid(bbe833a9207e7fa41bbd3ce71ad09605) Importer(815301076,1909f56bfc062723c751e8b465ee728b)  -> (artifact id: '0ce3601188efea3d3ead4b00b3def2f8') in 0.031265 seconds 
========================================================================
Received Import Request.
  Time since last request: 0.002226 seconds.
  path: Assets/Store Assets/LowlyPoly/Free Stylized Textures/Textures/Vol_23_1_Rocks_Base_Color.png
  artifactKey: Guid(baf23df249cc3974fafd9a18167df712) Importer(815301076,1909f56bfc062723c751e8b465ee728b)
Start importing Assets/Store Assets/LowlyPoly/Free Stylized Textures/Textures/Vol_23_1_Rocks_Base_Color.png using Guid(baf23df249cc3974fafd9a18167df712) Importer(815301076,1909f56bfc062723c751e8b465ee728b)  -> (artifact id: 'ea5fe263c06ed7d0706c5208ffefb24f') in 0.021380 seconds 
========================================================================
Received Import Request.
  Time since last request: 0.000460 seconds.
  path: Assets/Store Assets/LowlyPoly/Free Stylized Textures/Textures/Vol_100_1_Pixel_Roughness.png
  artifactKey: Guid(cf409b0b820307c47bcb38a890a217e1) Importer(815301076,1909f56bfc062723c751e8b465ee728b)
Start importing Assets/Store Assets/LowlyPoly/Free Stylized Textures/Textures/Vol_100_1_Pixel_Roughness.png using Guid(cf409b0b820307c47bcb38a890a217e1) Importer(815301076,1909f56bfc062723c751e8b465ee728b)  -> (artifact id: 'ec4da3b8c7aee9a0156d2db9726b72c1') in 0.031117 seconds 
========================================================================
Received Import Request.
  Time since last request: 0.000261 seconds.
  path: Assets/Store Assets/StylizedGrass/Textures/Noise 1.tga
  artifactKey: Guid(163c89117aa55e347b46a78399b3bea3) Importer(815301076,1909f56bfc062723c751e8b465ee728b)
Start importing Assets/Store Assets/StylizedGrass/Textures/Noise 1.tga using Guid(163c89117aa55e347b46a78399b3bea3) Importer(815301076,1909f56bfc062723c751e8b465ee728b)  -> (artifact id: 'a6c0438d24432722cebe7dfc9013eddb') in 0.014397 seconds 
========================================================================
Received Import Request.
  Time since last request: 0.000438 seconds.
  path: Assets/Store Assets/Fantasy Wooden GUI  Free/normal_ui_set A/UI board Medium stone.png
  artifactKey: Guid(9a6560e5bacb40847bb1b879ede354fb) Importer(815301076,1909f56bfc062723c751e8b465ee728b)
Start importing Assets/Store Assets/Fantasy Wooden GUI  Free/normal_ui_set A/UI board Medium stone.png using Guid(9a6560e5bacb40847bb1b879ede354fb) Importer(815301076,1909f56bfc062723c751e8b465ee728b)  -> (artifact id: '989b308434de2ae78ff8bd0b0bca90ca') in 0.025777 seconds 
========================================================================
Received Import Request.
  Time since last request: 0.000296 seconds.
  path: Assets/Scenes/Accueil/Lightmap-0_comp_dir.png
  artifactKey: Guid(e11b6667b7f5f0747bdeb708162402d1) Importer(815301076,1909f56bfc062723c751e8b465ee728b)
Start importing Assets/Scenes/Accueil/Lightmap-0_comp_dir.png using Guid(e11b6667b7f5f0747bdeb708162402d1) Importer(815301076,1909f56bfc062723c751e8b465ee728b)  -> (artifact id: '3565dfdaaf0e7f77a9ac85a616a6d1e7') in 0.016189 seconds 
========================================================================
Received Import Request.
  Time since last request: 0.000274 seconds.
  path: Assets/Store Assets/LowlyPoly/Free Stylized Textures/Textures/Vol_23_1_Rocks_Height.png
  artifactKey: Guid(5dd5833fe203510408d24955f0ab7284) Importer(815301076,1909f56bfc062723c751e8b465ee728b)
Start importing Assets/Store Assets/LowlyPoly/Free Stylized Textures/Textures/Vol_23_1_Rocks_Height.png using Guid(5dd5833fe203510408d24955f0ab7284) Importer(815301076,1909f56bfc062723c751e8b465ee728b)  -> (artifact id: '8e077fa2bf5b34943f29dadb6e910439') in 0.019590 seconds 
========================================================================
Received Import Request.
  Time since last request: 0.000319 seconds.
  path: Assets/Store Assets/Homeless/UI Assets/Ability_Skill_Icons/UI_Skill_Icon_SpiritArrows.png
  artifactKey: Guid(0825dfa25de4551469e65496af7b3c71) Importer(815301076,1909f56bfc062723c751e8b465ee728b)
Start importing Assets/Store Assets/Homeless/UI Assets/Ability_Skill_Icons/UI_Skill_Icon_SpiritArrows.png using Guid(0825dfa25de4551469e65496af7b3c71) Importer(815301076,1909f56bfc062723c751e8b465ee728b)  -> (artifact id: 'bf24e8c5c3ec98efa23a986c52ec92e0') in 0.031472 seconds 
========================================================================
Received Import Request.
  Time since last request: 0.000416 seconds.
  path: Assets/Store Assets/LowlyPoly/Free Stylized Textures/Textures/Vol_23_1_Rocks_Ambient_Occlusion.png
  artifactKey: Guid(ef520d91c394e83498031f05027a96fa) Importer(815301076,1909f56bfc062723c751e8b465ee728b)
Start importing Assets/Store Assets/LowlyPoly/Free Stylized Textures/Textures/Vol_23_1_Rocks_Ambient_Occlusion.png using Guid(ef520d91c394e83498031f05027a96fa) Importer(815301076,1909f56bfc062723c751e8b465ee728b)  -> (artifact id: 'c4e4ec6ad8865c3faa932bcd41d5dd44') in 0.017359 seconds 
========================================================================
Received Import Request.
  Time since last request: 0.000586 seconds.
  path: Assets/Store Assets/STS_FreeMedievalHouse/Materials/HouseFloor2Wood-albedo.png
  artifactKey: Guid(3315df9e1e359d74484fb25d4c188892) Importer(815301076,1909f56bfc062723c751e8b465ee728b)
Start importing Assets/Store Assets/STS_FreeMedievalHouse/Materials/HouseFloor2Wood-albedo.png using Guid(3315df9e1e359d74484fb25d4c188892) Importer(815301076,1909f56bfc062723c751e8b465ee728b)  -> (artifact id: '6d2ef48f9fb59841c13732ca04586238') in 0.027375 seconds 
========================================================================
Received Import Request.
  Time since last request: 2.129513 seconds.
  path: Assets/Store Assets/Homeless/UI Assets/Ability_Skill_Icons/UI_Skill_Icon_Fly.png
  artifactKey: Guid(ee40d72ece864764f9d17d015aedb524) Importer(815301076,1909f56bfc062723c751e8b465ee728b)
Start importing Assets/Store Assets/Homeless/UI Assets/Ability_Skill_Icons/UI_Skill_Icon_Fly.png using Guid(ee40d72ece864764f9d17d015aedb524) Importer(815301076,1909f56bfc062723c751e8b465ee728b)  -> (artifact id: 'c9cc7609c1d136f88d7c93fcee24f6f0') in 0.016512 seconds 
========================================================================
Received Prepare
Refreshing native plugins compatible for Editor in 11.46 ms, found 3 plugins.
Preloading 0 native plugins for Editor in 0.00 ms.
Unloading 15 Unused Serialized files (Serialized files now loaded: 0)
System memory in use before: 94.0 MB.
System memory in use after: 94.2 MB.

Unloading 15 unused Assets to reduce memory usage. Loaded Objects now: 3801.
Total: 4.631100 ms (FindLiveObjects: 0.531800 ms CreateObjectMapping: 0.105800 ms MarkObjects: 3.965500 ms  DeleteObjects: 0.026700 ms)

AssetImportParameters requested are different than current active one (requested -> active):
  custom:framework-win-MediaFoundation: 216162199b28c13a410421893ffa2e32 -> 
  custom:video-decoder-ogg-theora: a1e56fd34408186e4bbccfd4996cb3dc -> 
  custom:container-muxer-webm: aa71ff27fc2769a1b78a27578f13a17b -> 
  custom:container-demuxer-webm: 4f35f7cbe854078d1ac9338744f61a02 -> 
  custom:container-demuxer-ogg: 62fdf1f143b41e24485cea50d1cbac27 -> 
  custom:video-encoder-webm-vp8: eb34c28f22e8b96e1ab97ce403110664 -> 
  custom:video-codec-MediaFoundation-h265: 746d11721c4dcdbdad8f713fa42b33f4 -> 
  custom:video-decoder-webm-vp8: 9c59270c3fd7afecdb556c50c9e8de78 -> 
  custom:audio-decoder-ogg-vorbis: bf7c407c2cedff20999df2af8eb42d56 -> 
  custom:audio-encoder-webm-vorbis: bf7c407c2cedff20999df2af8eb42d56 -> 
AssetImportWorkerClient::OnTransportError - code=2 error=End of file
