Using pre-set license
Pro License: NO

 COMMAND LINE ARGUMENTS:
/Applications/Unity/Unity.app/Contents/MacOS/Unity
-adb2
-batchMode
-noUpm
-name
AssetImportWorker0
-projectPath
/Users/1706855/Desktop/Deschenes_Jesse_Tp03/DESCHENES_Jesse_Tp03
-logFile
Logs/AssetImportWorker0.log
-srvPort
52481
Successfully changed project path to: /Users/1706855/Desktop/Deschenes_Jesse_Tp03/DESCHENES_Jesse_Tp03
/Users/1706855/Desktop/Deschenes_Jesse_Tp03/DESCHENES_Jesse_Tp03
Using Asset Import Pipeline V2.
Refreshing native plugins compatible for Editor in 73.33 ms, found 2 plugins.
Preloading 0 native plugins for Editor in 0.00 ms.
Initialize engine version: 2021.1.13f1 (a03098edbbe0)
[Subsystems] Discovering subsystems at path /Applications/Unity/Unity.app/Contents/Resources/UnitySubsystems
[Subsystems] Discovering subsystems at path /Users/1706855/Desktop/Deschenes_Jesse_Tp03/DESCHENES_Jesse_Tp03/Assets
GfxDevice: creating device client; threaded=0; jobified=0
2022-04-14 10:58:18.303 Unity[98175:8312715] iMac preferred device: AMD Radeon Pro 5300 (high power)
2022-04-14 10:58:18.303 Unity[98175:8312715] Metal devices available: 1
2022-04-14 10:58:18.303 Unity[98175:8312715] 0: AMD Radeon Pro 5300 (high power)
2022-04-14 10:58:18.303 Unity[98175:8312715] Using device AMD Radeon Pro 5300 (high power)
Initializing Metal device caps: AMD Radeon Pro 5300
Initialize mono
Mono path[0] = '/Applications/Unity/Unity.app/Contents/Managed'
Mono path[1] = '/Applications/Unity/Unity.app/Contents/MonoBleedingEdge/lib/mono/unityjit'
Mono config path = '/Applications/Unity/Unity.app/Contents/MonoBleedingEdge/etc'
Using monoOptions --debugger-agent=transport=dt_socket,embedding=1,server=y,suspend=n,address=127.0.0.1:56175
Begin MonoManager ReloadAssembly
Error scanning for extension ivy.xml files: System.UnauthorizedAccessException: Access to the path '/Applications/Unity/PlaybackEngines/WebGLSupport/BuildTools/Emscripten_Mac/node' is denied.
  at System.IO.__Error.WinIOError (System.Int32 errorCode, System.String maybeFullPath) [0x00129] in <695d1cc93cca45069c528c15c9fdd749>:0 
  at System.IO.FileSystemEnumerableIterator`1[TSource].HandleError (System.Int32 hr, System.String path) [0x00006] in <695d1cc93cca45069c528c15c9fdd749>:0 
  at System.IO.FileSystemEnumerableIterator`1[TSource].AddSearchableDirsToStack (System.IO.Directory+SearchData localSearchData) [0x00053] in <695d1cc93cca45069c528c15c9fdd749>:0 
  at System.IO.FileSystemEnumerableIterator`1[TSource].MoveNext () [0x0008e] in <695d1cc93cca45069c528c15c9fdd749>:0 
  at System.Collections.Generic.List`1[T]..ctor (System.Collections.Generic.IEnumerable`1[T] collection) [0x00077] in <695d1cc93cca45069c528c15c9fdd749>:0 
  at System.IO.Directory.InternalGetFileDirectoryNames (System.String path, System.String userPathOriginal, System.String searchPattern, System.Boolean includeFiles, System.Boolean includeDirs, System.IO.SearchOption searchOption, System.Boolean checkHost) [0x0000f] in <695d1cc93cca45069c528c15c9fdd749>:0 
  at System.IO.Directory.InternalGetFiles (System.String path, System.String searchPattern, System.IO.SearchOption searchOption) [0x00000] in <695d1cc93cca45069c528c15c9fdd749>:0 
  at System.IO.Directory.GetFiles (System.String path, System.String searchPattern, System.IO.SearchOption searchOption) [0x00038] in <695d1cc93cca45069c528c15c9fdd749>:0 
  at UnityEditor.Modules.ModuleManager.LoadLegacyExtensionsFromIvyFiles () [0x000a5] in /Users/bokken/buildslave/unity/build/Editor/Mono/Modules/ModuleManager.cs:253 
Registering precompiled unity dll's ...
Register platform support module: /Applications/Unity/PlaybackEngines/WebGLSupport/UnityEditor.WebGL.Extensions.dll
Register platform support module: /Applications/Unity/Unity.app/Contents/PlaybackEngines/MacStandaloneSupport/UnityEditor.OSXStandalone.Extensions.dll
Register platform support module: /Applications/Unity/PlaybackEngines/WindowsStandaloneSupport/UnityEditor.WindowsStandalone.Extensions.dll
Registered in 0.003304 seconds.
Native extension for WindowsStandalone target not found
Native extension for OSXStandalone target not found
Native extension for WebGL target not found
Refreshing native plugins compatible for Editor in 69.47 ms, found 2 plugins.
Preloading 0 native plugins for Editor in 0.00 ms.
Mono: successfully reloaded assembly
- Completed reload, in  2.338 seconds
Domain Reload Profiling:
	ReloadAssembly (2339ms)
		BeginReloadAssembly (35ms)
			ExecutionOrderSort (0ms)
			DisableScriptedObjects (0ms)
			BackupInstance (0ms)
			ReleaseScriptingObjects (0ms)
			CreateAndSetChildDomain (1ms)
		EndReloadAssembly (525ms)
			LoadAssemblies (36ms)
			RebuildTransferFunctionScriptingTraits (0ms)
			SetupTypeCache (195ms)
			ReleaseScriptCaches (0ms)
			RebuildScriptCaches (40ms)
			SetupLoadedEditorAssemblies (246ms)
				LogAssemblyErrors (0ms)
				InitializePlatformSupportModulesInManaged (8ms)
				SetLoadedEditorAssemblies (0ms)
				RefreshPlugins (70ms)
				BeforeProcessingInitializeOnLoad (1ms)
				ProcessInitializeOnLoadAttributes (136ms)
				ProcessInitializeOnLoadMethodAttributes (30ms)
				AfterProcessingInitializeOnLoad (0ms)
				EditorAssembliesLoaded (0ms)
			ExecutionOrderSort2 (0ms)
			AwakeInstancesAfterBackupRestoration (0ms)
Platform modules already initialized, skipping
Registering precompiled user dll's ...
Registered in 0.008669 seconds.
Begin MonoManager ReloadAssembly
Symbol file LoadedFromMemory doesn't match image /Users/1706855/Desktop/Deschenes_Jesse_Tp03/DESCHENES_Jesse_Tp03/Library/PackageCache/com.unity.visualscripting@1.6.1/Editor/VisualScripting.Core/Dependencies/YamlDotNet/Unity.VisualScripting.YamlDotNet.dll
Symbol file LoadedFromMemory doesn't match image /Users/1706855/Desktop/Deschenes_Jesse_Tp03/DESCHENES_Jesse_Tp03/Library/PackageCache/com.unity.visualscripting@1.6.1/Editor/VisualScripting.Core/Dependencies/DotNetZip/Unity.VisualScripting.IonicZip.dll
Native extension for WindowsStandalone target not found
Native extension for OSXStandalone target not found
Native extension for WebGL target not found
Refreshing native plugins compatible for Editor in 0.49 ms, found 2 plugins.
Preloading 0 native plugins for Editor in 0.00 ms.
Mono: successfully reloaded assembly
- Completed reload, in  1.196 seconds
Domain Reload Profiling:
	ReloadAssembly (1197ms)
		BeginReloadAssembly (161ms)
			ExecutionOrderSort (0ms)
			DisableScriptedObjects (5ms)
			BackupInstance (0ms)
			ReleaseScriptingObjects (0ms)
			CreateAndSetChildDomain (36ms)
		EndReloadAssembly (973ms)
			LoadAssemblies (105ms)
			RebuildTransferFunctionScriptingTraits (0ms)
			SetupTypeCache (385ms)
			ReleaseScriptCaches (0ms)
			RebuildScriptCaches (55ms)
			SetupLoadedEditorAssemblies (309ms)
				LogAssemblyErrors (0ms)
				InitializePlatformSupportModulesInManaged (5ms)
				SetLoadedEditorAssemblies (0ms)
				RefreshPlugins (1ms)
				BeforeProcessingInitializeOnLoad (55ms)
				ProcessInitializeOnLoadAttributes (242ms)
				ProcessInitializeOnLoadMethodAttributes (4ms)
				AfterProcessingInitializeOnLoad (1ms)
				EditorAssembliesLoaded (0ms)
			ExecutionOrderSort2 (0ms)
			AwakeInstancesAfterBackupRestoration (7ms)
Platform modules already initialized, skipping
========================================================================
Worker process is ready to serve import requests
Launching external process: /Applications/Unity/Unity.app/Contents/Tools/UnityShaderCompiler
Launched and connected shader compiler UnityShaderCompiler after 0.03 seconds
Refreshing native plugins compatible for Editor in 0.51 ms, found 2 plugins.
Preloading 0 native plugins for Editor in 0.00 ms.
Unloading 2943 Unused Serialized files (Serialized files now loaded: 0)
System memory in use before: 189.3 MB.
System memory in use after: 189.4 MB.

Unloading 23 unused Assets to reduce memory usage. Loaded Objects now: 3387.
Total: 1.974109 ms (FindLiveObjects: 0.213098 ms CreateObjectMapping: 0.118352 ms MarkObjects: 1.581364 ms  DeleteObjects: 0.060605 ms)

AssetImportParameters requested are different than current active one (requested -> active):
  custom:video-decoder-ogg-theora: a1e56fd34408186e4bbccfd4996cb3dc -> 
  custom:container-muxer-webm: aa71ff27fc2769a1b78a27578f13a17b -> 
  custom:container-demuxer-webm: 4f35f7cbe854078d1ac9338744f61a02 -> 
  custom:container-demuxer-ogg: 62fdf1f143b41e24485cea50d1cbac27 -> 
  custom:video-encoder-webm-vp8: eb34c28f22e8b96e1ab97ce403110664 -> 
  custom:framework-osx-AVFoundation: e770b220cccbd017edd2c1fefb359320 -> 
  custom:video-decoder-webm-vp8: 9c59270c3fd7afecdb556c50c9e8de78 -> 
  custom:audio-decoder-ogg-vorbis: bf7c407c2cedff20999df2af8eb42d56 -> 
  custom:audio-encoder-webm-vorbis: bf7c407c2cedff20999df2af8eb42d56 -> 
========================================================================
Received Import Request.
  path: Assets/Personnage Joueur/Ch44_nonPBR@Weapon Idle.fbx
  artifactKey: Guid(f4909200b75b04d53a7628ef0554e0b3) Importer(815301076,1909f56bfc062723c751e8b465ee728b)
Start importing Assets/Personnage Joueur/Ch44_nonPBR@Weapon Idle.fbx using Guid(f4909200b75b04d53a7628ef0554e0b3) Importer(815301076,1909f56bfc062723c751e8b465ee728b)  -> (artifact id: 'c53a0891081633bfff9637c53e96a019') in 0.300698 seconds 
========================================================================
Received Import Request.
  Time since last request: 0.000199 seconds.
  path: Assets/Personnage Joueur/Ch44_nonPBR@SnS Walk.fbx
  artifactKey: Guid(c0eb94657e2d5484b8404877c4802b60) Importer(815301076,1909f56bfc062723c751e8b465ee728b)
Start importing Assets/Personnage Joueur/Ch44_nonPBR@SnS Walk.fbx using Guid(c0eb94657e2d5484b8404877c4802b60) Importer(815301076,1909f56bfc062723c751e8b465ee728b)  -> (artifact id: '0ef4e75e77e04b900961a5ab82260b6c') in 0.006220 seconds 
========================================================================
Received Import Request.
  Time since last request: 0.000151 seconds.
  path: Assets/Personnage Joueur/Ch44_nonPBR@Walking.fbx
  artifactKey: Guid(97e766f8350fb49938fee042530762fb) Importer(815301076,1909f56bfc062723c751e8b465ee728b)
Start importing Assets/Personnage Joueur/Ch44_nonPBR@Walking.fbx using Guid(97e766f8350fb49938fee042530762fb) Importer(815301076,1909f56bfc062723c751e8b465ee728b)  -> (artifact id: 'cdd414057545d6fbdda8eb1d3d5cda64') in 0.005900 seconds 
========================================================================
Received Import Request.
  Time since last request: 0.000222 seconds.
  path: Assets/Personnage Joueur
  artifactKey: Guid(1d7795f8057304b3b916d3b414579d0c) Importer(815301076,1909f56bfc062723c751e8b465ee728b)
Start importing Assets/Personnage Joueur using Guid(1d7795f8057304b3b916d3b414579d0c) Importer(815301076,1909f56bfc062723c751e8b465ee728b)  -> (artifact id: '10d1778a7115db80ef1bf2d12091b005') in 0.000850 seconds 
========================================================================
Received Import Request.
  Time since last request: 0.000160 seconds.
  path: Assets/Personnage Joueur/Ch44_nonPBR.fbx
  artifactKey: Guid(65fdfd4a786384b9896a578fd6d757d5) Importer(815301076,1909f56bfc062723c751e8b465ee728b)
Start importing Assets/Personnage Joueur/Ch44_nonPBR.fbx using Guid(65fdfd4a786384b9896a578fd6d757d5) Importer(815301076,1909f56bfc062723c751e8b465ee728b)  -> (artifact id: 'b92627665fca61b8cde57b2b39eb98e6') in 0.576867 seconds 
========================================================================
Received Import Request.
  Time since last request: 0.000118 seconds.
  path: Assets/Personnage Joueur/Ch44_nonPBR@SnS Idle.fbx
  artifactKey: Guid(f55dee8367c684908b6a8675b3505c15) Importer(815301076,1909f56bfc062723c751e8b465ee728b)
Start importing Assets/Personnage Joueur/Ch44_nonPBR@SnS Idle.fbx using Guid(f55dee8367c684908b6a8675b3505c15) Importer(815301076,1909f56bfc062723c751e8b465ee728b)  -> (artifact id: '0a4b10b49e3dd0c7f21b108a14acde55') in 0.006413 seconds 
AssetImportWorkerClient::OnTransportError - code=2 error=End of file
